<?xml version="1.0" encoding="utf-8"?>
<test-run id="2" name="Open-Lab-03.05.dll" fullname="C:/Users/Spravca/source/repos/OL_03.05/Open-Lab-03.05/bin/Debug/netcoreapp3.0/Open-Lab-03.05.dll" testcasecount="100" result="Passed" start-time="2019-10-31 15:28:16Z" end-time="2019-10-31 15:28:16Z" duration="0.048388" total="100" passed="100" failed="0" inconclusive="0" skipped="0" asserts="100" random-seed="2114222141">
  <command-line><![CDATA[C:\Users\Spravca\source\repos\OL_03.05\Open-Lab-03.05\bin\Debug\netcoreapp3.0\Open-Lab-03.05.dll]]></command-line>
  <filter />
  <test-suite type="Assembly" id="1102" name="Open-Lab-03.05.dll" fullname="C:/Users/Spravca/source/repos/OL_03.05/Open-Lab-03.05/bin/Debug/netcoreapp3.0/Open-Lab-03.05.dll" runstate="Runnable" testcasecount="100" result="Passed" start-time="2019-10-31 15:28:16Z" end-time="2019-10-31 15:28:16Z" duration="0.048388" total="100" passed="100" failed="0" warnings="0" inconclusive="0" skipped="0" asserts="100">
    <environment framework-version="3.12.0.0" clr-version="3.0.0" os-version="Microsoft Windows 10.0.18362" platform="Win32NT" cwd="C:\Users\Spravca\source\repos\OL_03.05\Open-Lab-03.05\bin\Debug\netcoreapp3.0" machine-name="DOMACI" user="Spravca" user-domain="DOMACI" culture="sk-SK" uiculture="sk-SK" os-architecture="x64" />
    <settings>
      <setting name="WorkDirectory" value="C:\Users\Spravca\source\repos\OL_03.05\Open-Lab-03.05\bin\Debug\netcoreapp3.0" />
      <setting name="NumberOfTestWorkers" value="12" />
    </settings>
    <properties>
      <property name="_PID" value="12956" />
      <property name="_APPDOMAIN" value="Open-Lab-03.05" />
    </properties>
    <test-suite type="TestSuite" id="1103" name="Open_Lab_03" fullname="Open_Lab_03" runstate="Runnable" testcasecount="100" result="Passed" start-time="2019-10-31 15:28:16Z" end-time="2019-10-31 15:28:16Z" duration="0.040938" total="100" passed="100" failed="0" warnings="0" inconclusive="0" skipped="0" asserts="100">
      <test-suite type="TestSuite" id="1104" name="_05" fullname="Open_Lab_03._05" runstate="Runnable" testcasecount="100" result="Passed" start-time="2019-10-31 15:28:16Z" end-time="2019-10-31 15:28:16Z" duration="0.040521" total="100" passed="100" failed="0" warnings="0" inconclusive="0" skipped="0" asserts="100">
        <test-suite type="TestFixture" id="1000" name="Tests" fullname="Open_Lab_03._05.Tests" classname="Open_Lab_03._05.Tests" runstate="Runnable" testcasecount="100" result="Passed" start-time="2019-10-31 15:28:16Z" end-time="2019-10-31 15:28:16Z" duration="0.038397" total="100" passed="100" failed="0" warnings="0" inconclusive="0" skipped="0" asserts="100">
          <test-suite type="ParameterizedMethod" id="1101" name="MatchCaseInsensitiveTest" fullname="Open_Lab_03._05.Tests.MatchCaseInsensitiveTest" classname="Open_Lab_03._05.Tests" runstate="Runnable" testcasecount="100" result="Passed" start-time="2019-10-31 15:28:16Z" end-time="2019-10-31 15:28:16Z" duration="0.032186" total="100" passed="100" failed="0" warnings="0" inconclusive="0" skipped="0" asserts="100">
            <test-case id="1001" name="MatchCaseInsensitiveTest(&quot;hello&quot;,&quot;hELLo&quot;,True)" fullname="Open_Lab_03._05.Tests.MatchCaseInsensitiveTest(&quot;hello&quot;,&quot;hELLo&quot;,True)" methodname="MatchCaseInsensitiveTest" classname="Open_Lab_03._05.Tests" runstate="Runnable" seed="2044286242" result="Passed" start-time="2019-10-31 15:28:16Z" end-time="2019-10-31 15:28:16Z" duration="0.017789" asserts="1" />
            <test-case id="1002" name="MatchCaseInsensitiveTest(&quot;motive&quot;,&quot;emotive&quot;,False)" fullname="Open_Lab_03._05.Tests.MatchCaseInsensitiveTest(&quot;motive&quot;,&quot;emotive&quot;,False)" methodname="MatchCaseInsensitiveTest" classname="Open_Lab_03._05.Tests" runstate="Runnable" seed="46310607" result="Passed" start-time="2019-10-31 15:28:16Z" end-time="2019-10-31 15:28:16Z" duration="0.000200" asserts="1" />
            <test-case id="1003" name="MatchCaseInsensitiveTest(&quot;venom&quot;,&quot;VENOM&quot;,True)" fullname="Open_Lab_03._05.Tests.MatchCaseInsensitiveTest(&quot;venom&quot;,&quot;VENOM&quot;,True)" methodname="MatchCaseInsensitiveTest" classname="Open_Lab_03._05.Tests" runstate="Runnable" seed="560932200" result="Passed" start-time="2019-10-31 15:28:16Z" end-time="2019-10-31 15:28:16Z" duration="0.000089" asserts="1" />
            <test-case id="1004" name="MatchCaseInsensitiveTest(&quot;mask&quot;,&quot;mAskinG&quot;,False)" fullname="Open_Lab_03._05.Tests.MatchCaseInsensitiveTest(&quot;mask&quot;,&quot;mAskinG&quot;,False)" methodname="MatchCaseInsensitiveTest" classname="Open_Lab_03._05.Tests" runstate="Runnable" seed="249201553" result="Passed" start-time="2019-10-31 15:28:16Z" end-time="2019-10-31 15:28:16Z" duration="0.000082" asserts="1" />
            <test-case id="1005" name="MatchCaseInsensitiveTest(&quot;KPRZQBYP&quot;,&quot;KpRzQBYP&quot;,True)" fullname="Open_Lab_03._05.Tests.MatchCaseInsensitiveTest(&quot;KPRZQBYP&quot;,&quot;KpRzQBYP&quot;,True)" methodname="MatchCaseInsensitiveTest" classname="Open_Lab_03._05.Tests" runstate="Runnable" seed="1965007814" result="Passed" start-time="2019-10-31 15:28:16Z" end-time="2019-10-31 15:28:16Z" duration="0.000080" asserts="1" />
            <test-case id="1006" name="MatchCaseInsensitiveTest(&quot;ADFHYS&quot;,&quot;aDFHyS&quot;,True)" fullname="Open_Lab_03._05.Tests.MatchCaseInsensitiveTest(&quot;ADFHYS&quot;,&quot;aDFHyS&quot;,True)" methodname="MatchCaseInsensitiveTest" classname="Open_Lab_03._05.Tests" runstate="Runnable" seed="996742076" result="Passed" start-time="2019-10-31 15:28:16Z" end-time="2019-10-31 15:28:16Z" duration="0.000073" asserts="1" />
            <test-case id="1007" name="MatchCaseInsensitiveTest(&quot;VDPWQBIE&quot;,&quot;vdPwQbIe&quot;,True)" fullname="Open_Lab_03._05.Tests.MatchCaseInsensitiveTest(&quot;VDPWQBIE&quot;,&quot;vdPwQbIe&quot;,True)" methodname="MatchCaseInsensitiveTest" classname="Open_Lab_03._05.Tests" runstate="Runnable" seed="596430941" result="Passed" start-time="2019-10-31 15:28:16Z" end-time="2019-10-31 15:28:16Z" duration="0.000080" asserts="1" />
            <test-case id="1008" name="MatchCaseInsensitiveTest(&quot;OMNMDDQ&quot;,&quot;OMNMddq&quot;,True)" fullname="Open_Lab_03._05.Tests.MatchCaseInsensitiveTest(&quot;OMNMDDQ&quot;,&quot;OMNMddq&quot;,True)" methodname="MatchCaseInsensitiveTest" classname="Open_Lab_03._05.Tests" runstate="Runnable" seed="1181600980" result="Passed" start-time="2019-10-31 15:28:16Z" end-time="2019-10-31 15:28:16Z" duration="0.000078" asserts="1" />
            <test-case id="1009" name="MatchCaseInsensitiveTest(&quot;IUEDAESVR&quot;,&quot;iuEdaEsvR&quot;,True)" fullname="Open_Lab_03._05.Tests.MatchCaseInsensitiveTest(&quot;IUEDAESVR&quot;,&quot;iuEdaEsvR&quot;,True)" methodname="MatchCaseInsensitiveTest" classname="Open_Lab_03._05.Tests" runstate="Runnable" seed="288646566" result="Passed" start-time="2019-10-31 15:28:16Z" end-time="2019-10-31 15:28:16Z" duration="0.000085" asserts="1" />
            <test-case id="1010" name="MatchCaseInsensitiveTest(&quot;VIAMF&quot;,&quot;VIAMf&quot;,True)" fullname="Open_Lab_03._05.Tests.MatchCaseInsensitiveTest(&quot;VIAMF&quot;,&quot;VIAMf&quot;,True)" methodname="MatchCaseInsensitiveTest" classname="Open_Lab_03._05.Tests" runstate="Runnable" seed="1318574602" result="Passed" start-time="2019-10-31 15:28:16Z" end-time="2019-10-31 15:28:16Z" duration="0.000079" asserts="1" />
            <test-case id="1011" name="MatchCaseInsensitiveTest(&quot;JDYBFGIJ&quot;,&quot;USVYSVWJ&quot;,False)" fullname="Open_Lab_03._05.Tests.MatchCaseInsensitiveTest(&quot;JDYBFGIJ&quot;,&quot;USVYSVWJ&quot;,False)" methodname="MatchCaseInsensitiveTest" classname="Open_Lab_03._05.Tests" runstate="Runnable" seed="1279922372" result="Passed" start-time="2019-10-31 15:28:16Z" end-time="2019-10-31 15:28:16Z" duration="0.000079" asserts="1" />
            <test-case id="1012" name="MatchCaseInsensitiveTest(&quot;FODSRZURXI&quot;,&quot;FodSRZuRxI&quot;,True)" fullname="Open_Lab_03._05.Tests.MatchCaseInsensitiveTest(&quot;FODSRZURXI&quot;,&quot;FodSRZuRxI&quot;,True)" methodname="MatchCaseInsensitiveTest" classname="Open_Lab_03._05.Tests" runstate="Runnable" seed="2097711060" result="Passed" start-time="2019-10-31 15:28:16Z" end-time="2019-10-31 15:28:16Z" duration="0.000078" asserts="1" />
            <test-case id="1013" name="MatchCaseInsensitiveTest(&quot;NSGCMCUKUD&quot;,&quot;QIWBNQLYHN&quot;,False)" fullname="Open_Lab_03._05.Tests.MatchCaseInsensitiveTest(&quot;NSGCMCUKUD&quot;,&quot;QIWBNQLYHN&quot;,False)" methodname="MatchCaseInsensitiveTest" classname="Open_Lab_03._05.Tests" runstate="Runnable" seed="749408083" result="Passed" start-time="2019-10-31 15:28:16Z" end-time="2019-10-31 15:28:16Z" duration="0.000078" asserts="1" />
            <test-case id="1014" name="MatchCaseInsensitiveTest(&quot;ROOFJYJ&quot;,&quot;XDYKHAL&quot;,False)" fullname="Open_Lab_03._05.Tests.MatchCaseInsensitiveTest(&quot;ROOFJYJ&quot;,&quot;XDYKHAL&quot;,False)" methodname="MatchCaseInsensitiveTest" classname="Open_Lab_03._05.Tests" runstate="Runnable" seed="1065952484" result="Passed" start-time="2019-10-31 15:28:16Z" end-time="2019-10-31 15:28:16Z" duration="0.000071" asserts="1" />
            <test-case id="1015" name="MatchCaseInsensitiveTest(&quot;NRXNONO&quot;,&quot;VSNGUNH&quot;,False)" fullname="Open_Lab_03._05.Tests.MatchCaseInsensitiveTest(&quot;NRXNONO&quot;,&quot;VSNGUNH&quot;,False)" methodname="MatchCaseInsensitiveTest" classname="Open_Lab_03._05.Tests" runstate="Runnable" seed="1470884466" result="Passed" start-time="2019-10-31 15:28:16Z" end-time="2019-10-31 15:28:16Z" duration="0.000079" asserts="1" />
            <test-case id="1016" name="MatchCaseInsensitiveTest(&quot;PNARNHSV&quot;,&quot;pNaRNHsv&quot;,True)" fullname="Open_Lab_03._05.Tests.MatchCaseInsensitiveTest(&quot;PNARNHSV&quot;,&quot;pNaRNHsv&quot;,True)" methodname="MatchCaseInsensitiveTest" classname="Open_Lab_03._05.Tests" runstate="Runnable" seed="928187625" result="Passed" start-time="2019-10-31 15:28:16Z" end-time="2019-10-31 15:28:16Z" duration="0.000077" asserts="1" />
            <test-case id="1017" name="MatchCaseInsensitiveTest(&quot;LPQVK&quot;,&quot;EZSNW&quot;,False)" fullname="Open_Lab_03._05.Tests.MatchCaseInsensitiveTest(&quot;LPQVK&quot;,&quot;EZSNW&quot;,False)" methodname="MatchCaseInsensitiveTest" classname="Open_Lab_03._05.Tests" runstate="Runnable" seed="2008147436" result="Passed" start-time="2019-10-31 15:28:16Z" end-time="2019-10-31 15:28:16Z" duration="0.000077" asserts="1" />
            <test-case id="1018" name="MatchCaseInsensitiveTest(&quot;JWIZRNKU&quot;,&quot;BFZBNSNW&quot;,False)" fullname="Open_Lab_03._05.Tests.MatchCaseInsensitiveTest(&quot;JWIZRNKU&quot;,&quot;BFZBNSNW&quot;,False)" methodname="MatchCaseInsensitiveTest" classname="Open_Lab_03._05.Tests" runstate="Runnable" seed="1955041330" result="Passed" start-time="2019-10-31 15:28:16Z" end-time="2019-10-31 15:28:16Z" duration="0.000070" asserts="1" />
            <test-case id="1019" name="MatchCaseInsensitiveTest(&quot;MFQRVBUTCW&quot;,&quot;MFQRvbUtcW&quot;,True)" fullname="Open_Lab_03._05.Tests.MatchCaseInsensitiveTest(&quot;MFQRVBUTCW&quot;,&quot;MFQRvbUtcW&quot;,True)" methodname="MatchCaseInsensitiveTest" classname="Open_Lab_03._05.Tests" runstate="Runnable" seed="1734876284" result="Passed" start-time="2019-10-31 15:28:16Z" end-time="2019-10-31 15:28:16Z" duration="0.000085" asserts="1" />
            <test-case id="1020" name="MatchCaseInsensitiveTest(&quot;RJVFQOISQD&quot;,&quot;VKJMYSAHEX&quot;,False)" fullname="Open_Lab_03._05.Tests.MatchCaseInsensitiveTest(&quot;RJVFQOISQD&quot;,&quot;VKJMYSAHEX&quot;,False)" methodname="MatchCaseInsensitiveTest" classname="Open_Lab_03._05.Tests" runstate="Runnable" seed="1578382875" result="Passed" start-time="2019-10-31 15:28:16Z" end-time="2019-10-31 15:28:16Z" duration="0.000081" asserts="1" />
            <test-case id="1021" name="MatchCaseInsensitiveTest(&quot;DGMCXBE&quot;,&quot;JMYEYNH&quot;,False)" fullname="Open_Lab_03._05.Tests.MatchCaseInsensitiveTest(&quot;DGMCXBE&quot;,&quot;JMYEYNH&quot;,False)" methodname="MatchCaseInsensitiveTest" classname="Open_Lab_03._05.Tests" runstate="Runnable" seed="159303141" result="Passed" start-time="2019-10-31 15:28:16Z" end-time="2019-10-31 15:28:16Z" duration="0.000084" asserts="1" />
            <test-case id="1022" name="MatchCaseInsensitiveTest(&quot;KGLJGOZJMS&quot;,&quot;MUDCUADDGP&quot;,False)" fullname="Open_Lab_03._05.Tests.MatchCaseInsensitiveTest(&quot;KGLJGOZJMS&quot;,&quot;MUDCUADDGP&quot;,False)" methodname="MatchCaseInsensitiveTest" classname="Open_Lab_03._05.Tests" runstate="Runnable" seed="1180482863" result="Passed" start-time="2019-10-31 15:28:16Z" end-time="2019-10-31 15:28:16Z" duration="0.000072" asserts="1" />
            <test-case id="1023" name="MatchCaseInsensitiveTest(&quot;QGOGQWFLY&quot;,&quot;RWKWXMAHO&quot;,False)" fullname="Open_Lab_03._05.Tests.MatchCaseInsensitiveTest(&quot;QGOGQWFLY&quot;,&quot;RWKWXMAHO&quot;,False)" methodname="MatchCaseInsensitiveTest" classname="Open_Lab_03._05.Tests" runstate="Runnable" seed="1400096547" result="Passed" start-time="2019-10-31 15:28:16Z" end-time="2019-10-31 15:28:16Z" duration="0.000077" asserts="1" />
            <test-case id="1024" name="MatchCaseInsensitiveTest(&quot;PFPKGJ&quot;,&quot;pfPkgj&quot;,True)" fullname="Open_Lab_03._05.Tests.MatchCaseInsensitiveTest(&quot;PFPKGJ&quot;,&quot;pfPkgj&quot;,True)" methodname="MatchCaseInsensitiveTest" classname="Open_Lab_03._05.Tests" runstate="Runnable" seed="1149207431" result="Passed" start-time="2019-10-31 15:28:16Z" end-time="2019-10-31 15:28:16Z" duration="0.000077" asserts="1" />
            <test-case id="1025" name="MatchCaseInsensitiveTest(&quot;PFVZYDDBUU&quot;,&quot;YSGXODVSIQ&quot;,False)" fullname="Open_Lab_03._05.Tests.MatchCaseInsensitiveTest(&quot;PFVZYDDBUU&quot;,&quot;YSGXODVSIQ&quot;,False)" methodname="MatchCaseInsensitiveTest" classname="Open_Lab_03._05.Tests" runstate="Runnable" seed="701538427" result="Passed" start-time="2019-10-31 15:28:16Z" end-time="2019-10-31 15:28:16Z" duration="0.000077" asserts="1" />
            <test-case id="1026" name="MatchCaseInsensitiveTest(&quot;QEAGSAQNRP&quot;,&quot;QEagsaQnRP&quot;,True)" fullname="Open_Lab_03._05.Tests.MatchCaseInsensitiveTest(&quot;QEAGSAQNRP&quot;,&quot;QEagsaQnRP&quot;,True)" methodname="MatchCaseInsensitiveTest" classname="Open_Lab_03._05.Tests" runstate="Runnable" seed="1554701782" result="Passed" start-time="2019-10-31 15:28:16Z" end-time="2019-10-31 15:28:16Z" duration="0.000071" asserts="1" />
            <test-case id="1027" name="MatchCaseInsensitiveTest(&quot;LNDGQSP&quot;,&quot;IYFYDOR&quot;,False)" fullname="Open_Lab_03._05.Tests.MatchCaseInsensitiveTest(&quot;LNDGQSP&quot;,&quot;IYFYDOR&quot;,False)" methodname="MatchCaseInsensitiveTest" classname="Open_Lab_03._05.Tests" runstate="Runnable" seed="911937727" result="Passed" start-time="2019-10-31 15:28:16Z" end-time="2019-10-31 15:28:16Z" duration="0.000077" asserts="1" />
            <test-case id="1028" name="MatchCaseInsensitiveTest(&quot;LCLGDIEGPH&quot;,&quot;YMCFSJAVSN&quot;,False)" fullname="Open_Lab_03._05.Tests.MatchCaseInsensitiveTest(&quot;LCLGDIEGPH&quot;,&quot;YMCFSJAVSN&quot;,False)" methodname="MatchCaseInsensitiveTest" classname="Open_Lab_03._05.Tests" runstate="Runnable" seed="207254818" result="Passed" start-time="2019-10-31 15:28:16Z" end-time="2019-10-31 15:28:16Z" duration="0.000077" asserts="1" />
            <test-case id="1029" name="MatchCaseInsensitiveTest(&quot;KXYIR&quot;,&quot;kxyIr&quot;,True)" fullname="Open_Lab_03._05.Tests.MatchCaseInsensitiveTest(&quot;KXYIR&quot;,&quot;kxyIr&quot;,True)" methodname="MatchCaseInsensitiveTest" classname="Open_Lab_03._05.Tests" runstate="Runnable" seed="1128687530" result="Passed" start-time="2019-10-31 15:28:16Z" end-time="2019-10-31 15:28:16Z" duration="0.000070" asserts="1" />
            <test-case id="1030" name="MatchCaseInsensitiveTest(&quot;RVCESCI&quot;,&quot;WRJTCGS&quot;,False)" fullname="Open_Lab_03._05.Tests.MatchCaseInsensitiveTest(&quot;RVCESCI&quot;,&quot;WRJTCGS&quot;,False)" methodname="MatchCaseInsensitiveTest" classname="Open_Lab_03._05.Tests" runstate="Runnable" seed="1958604772" result="Passed" start-time="2019-10-31 15:28:16Z" end-time="2019-10-31 15:28:16Z" duration="0.000070" asserts="1" />
            <test-case id="1031" name="MatchCaseInsensitiveTest(&quot;DTZLPZSN&quot;,&quot;IVRWFLPL&quot;,False)" fullname="Open_Lab_03._05.Tests.MatchCaseInsensitiveTest(&quot;DTZLPZSN&quot;,&quot;IVRWFLPL&quot;,False)" methodname="MatchCaseInsensitiveTest" classname="Open_Lab_03._05.Tests" runstate="Runnable" seed="467801151" result="Passed" start-time="2019-10-31 15:28:16Z" end-time="2019-10-31 15:28:16Z" duration="0.000081" asserts="1" />
            <test-case id="1032" name="MatchCaseInsensitiveTest(&quot;NWHWC&quot;,&quot;NwhWc&quot;,True)" fullname="Open_Lab_03._05.Tests.MatchCaseInsensitiveTest(&quot;NWHWC&quot;,&quot;NwhWc&quot;,True)" methodname="MatchCaseInsensitiveTest" classname="Open_Lab_03._05.Tests" runstate="Runnable" seed="1993295938" result="Passed" start-time="2019-10-31 15:28:16Z" end-time="2019-10-31 15:28:16Z" duration="0.000078" asserts="1" />
            <test-case id="1033" name="MatchCaseInsensitiveTest(&quot;BYULA&quot;,&quot;YNYIS&quot;,False)" fullname="Open_Lab_03._05.Tests.MatchCaseInsensitiveTest(&quot;BYULA&quot;,&quot;YNYIS&quot;,False)" methodname="MatchCaseInsensitiveTest" classname="Open_Lab_03._05.Tests" runstate="Runnable" seed="111964513" result="Passed" start-time="2019-10-31 15:28:16Z" end-time="2019-10-31 15:28:16Z" duration="0.000070" asserts="1" />
            <test-case id="1034" name="MatchCaseInsensitiveTest(&quot;WXLLQ&quot;,&quot;FUIZC&quot;,False)" fullname="Open_Lab_03._05.Tests.MatchCaseInsensitiveTest(&quot;WXLLQ&quot;,&quot;FUIZC&quot;,False)" methodname="MatchCaseInsensitiveTest" classname="Open_Lab_03._05.Tests" runstate="Runnable" seed="72223239" result="Passed" start-time="2019-10-31 15:28:16Z" end-time="2019-10-31 15:28:16Z" duration="0.000076" asserts="1" />
            <test-case id="1035" name="MatchCaseInsensitiveTest(&quot;HGQJHI&quot;,&quot;FRJMTS&quot;,False)" fullname="Open_Lab_03._05.Tests.MatchCaseInsensitiveTest(&quot;HGQJHI&quot;,&quot;FRJMTS&quot;,False)" methodname="MatchCaseInsensitiveTest" classname="Open_Lab_03._05.Tests" runstate="Runnable" seed="779720154" result="Passed" start-time="2019-10-31 15:28:16Z" end-time="2019-10-31 15:28:16Z" duration="0.000078" asserts="1" />
            <test-case id="1036" name="MatchCaseInsensitiveTest(&quot;LQXEV&quot;,&quot;VTSAF&quot;,False)" fullname="Open_Lab_03._05.Tests.MatchCaseInsensitiveTest(&quot;LQXEV&quot;,&quot;VTSAF&quot;,False)" methodname="MatchCaseInsensitiveTest" classname="Open_Lab_03._05.Tests" runstate="Runnable" seed="1266970597" result="Passed" start-time="2019-10-31 15:28:16Z" end-time="2019-10-31 15:28:16Z" duration="0.000085" asserts="1" />
            <test-case id="1037" name="MatchCaseInsensitiveTest(&quot;POHVVZ&quot;,&quot;UDETHE&quot;,False)" fullname="Open_Lab_03._05.Tests.MatchCaseInsensitiveTest(&quot;POHVVZ&quot;,&quot;UDETHE&quot;,False)" methodname="MatchCaseInsensitiveTest" classname="Open_Lab_03._05.Tests" runstate="Runnable" seed="2074749889" result="Passed" start-time="2019-10-31 15:28:16Z" end-time="2019-10-31 15:28:16Z" duration="0.000078" asserts="1" />
            <test-case id="1038" name="MatchCaseInsensitiveTest(&quot;MMFJDSJWT&quot;,&quot;DKVGJXPGL&quot;,False)" fullname="Open_Lab_03._05.Tests.MatchCaseInsensitiveTest(&quot;MMFJDSJWT&quot;,&quot;DKVGJXPGL&quot;,False)" methodname="MatchCaseInsensitiveTest" classname="Open_Lab_03._05.Tests" runstate="Runnable" seed="1616089206" result="Passed" start-time="2019-10-31 15:28:16Z" end-time="2019-10-31 15:28:16Z" duration="0.000071" asserts="1" />
            <test-case id="1039" name="MatchCaseInsensitiveTest(&quot;TQKNQU&quot;,&quot;YYPRIT&quot;,False)" fullname="Open_Lab_03._05.Tests.MatchCaseInsensitiveTest(&quot;TQKNQU&quot;,&quot;YYPRIT&quot;,False)" methodname="MatchCaseInsensitiveTest" classname="Open_Lab_03._05.Tests" runstate="Runnable" seed="1716374" result="Passed" start-time="2019-10-31 15:28:16Z" end-time="2019-10-31 15:28:16Z" duration="0.000078" asserts="1" />
            <test-case id="1040" name="MatchCaseInsensitiveTest(&quot;IHMQCMJ&quot;,&quot;SUDLZTL&quot;,False)" fullname="Open_Lab_03._05.Tests.MatchCaseInsensitiveTest(&quot;IHMQCMJ&quot;,&quot;SUDLZTL&quot;,False)" methodname="MatchCaseInsensitiveTest" classname="Open_Lab_03._05.Tests" runstate="Runnable" seed="642665139" result="Passed" start-time="2019-10-31 15:28:16Z" end-time="2019-10-31 15:28:16Z" duration="0.000078" asserts="1" />
            <test-case id="1041" name="MatchCaseInsensitiveTest(&quot;NWZCGV&quot;,&quot;CSSJTL&quot;,False)" fullname="Open_Lab_03._05.Tests.MatchCaseInsensitiveTest(&quot;NWZCGV&quot;,&quot;CSSJTL&quot;,False)" methodname="MatchCaseInsensitiveTest" classname="Open_Lab_03._05.Tests" runstate="Runnable" seed="1313876893" result="Passed" start-time="2019-10-31 15:28:16Z" end-time="2019-10-31 15:28:16Z" duration="0.000081" asserts="1" />
            <test-case id="1042" name="MatchCaseInsensitiveTest(&quot;VQJKAQ&quot;,&quot;vQjKaq&quot;,True)" fullname="Open_Lab_03._05.Tests.MatchCaseInsensitiveTest(&quot;VQJKAQ&quot;,&quot;vQjKaq&quot;,True)" methodname="MatchCaseInsensitiveTest" classname="Open_Lab_03._05.Tests" runstate="Runnable" seed="686993463" result="Passed" start-time="2019-10-31 15:28:16Z" end-time="2019-10-31 15:28:16Z" duration="0.000071" asserts="1" />
            <test-case id="1043" name="MatchCaseInsensitiveTest(&quot;CRANSADLUJ&quot;,&quot;CraNSADLuJ&quot;,True)" fullname="Open_Lab_03._05.Tests.MatchCaseInsensitiveTest(&quot;CRANSADLUJ&quot;,&quot;CraNSADLuJ&quot;,True)" methodname="MatchCaseInsensitiveTest" classname="Open_Lab_03._05.Tests" runstate="Runnable" seed="1718476624" result="Passed" start-time="2019-10-31 15:28:16Z" end-time="2019-10-31 15:28:16Z" duration="0.000084" asserts="1" />
            <test-case id="1044" name="MatchCaseInsensitiveTest(&quot;QIKPLY&quot;,&quot;NHXFAV&quot;,False)" fullname="Open_Lab_03._05.Tests.MatchCaseInsensitiveTest(&quot;QIKPLY&quot;,&quot;NHXFAV&quot;,False)" methodname="MatchCaseInsensitiveTest" classname="Open_Lab_03._05.Tests" runstate="Runnable" seed="1028183986" result="Passed" start-time="2019-10-31 15:28:16Z" end-time="2019-10-31 15:28:16Z" duration="0.000078" asserts="1" />
            <test-case id="1045" name="MatchCaseInsensitiveTest(&quot;IGSGYJWZ&quot;,&quot;IGsgYJWz&quot;,True)" fullname="Open_Lab_03._05.Tests.MatchCaseInsensitiveTest(&quot;IGSGYJWZ&quot;,&quot;IGsgYJWz&quot;,True)" methodname="MatchCaseInsensitiveTest" classname="Open_Lab_03._05.Tests" runstate="Runnable" seed="96720263" result="Passed" start-time="2019-10-31 15:28:16Z" end-time="2019-10-31 15:28:16Z" duration="0.000078" asserts="1" />
            <test-case id="1046" name="MatchCaseInsensitiveTest(&quot;YIARCCPF&quot;,&quot;YIarccpF&quot;,True)" fullname="Open_Lab_03._05.Tests.MatchCaseInsensitiveTest(&quot;YIARCCPF&quot;,&quot;YIarccpF&quot;,True)" methodname="MatchCaseInsensitiveTest" classname="Open_Lab_03._05.Tests" runstate="Runnable" seed="73315456" result="Passed" start-time="2019-10-31 15:28:16Z" end-time="2019-10-31 15:28:16Z" duration="0.000070" asserts="1" />
            <test-case id="1047" name="MatchCaseInsensitiveTest(&quot;FFTYXRO&quot;,&quot;FftyXrO&quot;,True)" fullname="Open_Lab_03._05.Tests.MatchCaseInsensitiveTest(&quot;FFTYXRO&quot;,&quot;FftyXrO&quot;,True)" methodname="MatchCaseInsensitiveTest" classname="Open_Lab_03._05.Tests" runstate="Runnable" seed="334388604" result="Passed" start-time="2019-10-31 15:28:16Z" end-time="2019-10-31 15:28:16Z" duration="0.000077" asserts="1" />
            <test-case id="1048" name="MatchCaseInsensitiveTest(&quot;WHBQDQRT&quot;,&quot;LJMJABDU&quot;,False)" fullname="Open_Lab_03._05.Tests.MatchCaseInsensitiveTest(&quot;WHBQDQRT&quot;,&quot;LJMJABDU&quot;,False)" methodname="MatchCaseInsensitiveTest" classname="Open_Lab_03._05.Tests" runstate="Runnable" seed="1789484984" result="Passed" start-time="2019-10-31 15:28:16Z" end-time="2019-10-31 15:28:16Z" duration="0.000077" asserts="1" />
            <test-case id="1049" name="MatchCaseInsensitiveTest(&quot;BKJAKI&quot;,&quot;DEYLYA&quot;,False)" fullname="Open_Lab_03._05.Tests.MatchCaseInsensitiveTest(&quot;BKJAKI&quot;,&quot;DEYLYA&quot;,False)" methodname="MatchCaseInsensitiveTest" classname="Open_Lab_03._05.Tests" runstate="Runnable" seed="1726558260" result="Passed" start-time="2019-10-31 15:28:16Z" end-time="2019-10-31 15:28:16Z" duration="0.000077" asserts="1" />
            <test-case id="1050" name="MatchCaseInsensitiveTest(&quot;VQNWVS&quot;,&quot;IPOANO&quot;,False)" fullname="Open_Lab_03._05.Tests.MatchCaseInsensitiveTest(&quot;VQNWVS&quot;,&quot;IPOANO&quot;,False)" methodname="MatchCaseInsensitiveTest" classname="Open_Lab_03._05.Tests" runstate="Runnable" seed="373582402" result="Passed" start-time="2019-10-31 15:28:16Z" end-time="2019-10-31 15:28:16Z" duration="0.000070" asserts="1" />
            <test-case id="1051" name="MatchCaseInsensitiveTest(&quot;XCZMQT&quot;,&quot;XczMQT&quot;,True)" fullname="Open_Lab_03._05.Tests.MatchCaseInsensitiveTest(&quot;XCZMQT&quot;,&quot;XczMQT&quot;,True)" methodname="MatchCaseInsensitiveTest" classname="Open_Lab_03._05.Tests" runstate="Runnable" seed="1085705587" result="Passed" start-time="2019-10-31 15:28:16Z" end-time="2019-10-31 15:28:16Z" duration="0.000078" asserts="1" />
            <test-case id="1052" name="MatchCaseInsensitiveTest(&quot;RFULDROJ&quot;,&quot;OGYNFMVJ&quot;,False)" fullname="Open_Lab_03._05.Tests.MatchCaseInsensitiveTest(&quot;RFULDROJ&quot;,&quot;OGYNFMVJ&quot;,False)" methodname="MatchCaseInsensitiveTest" classname="Open_Lab_03._05.Tests" runstate="Runnable" seed="1776843208" result="Passed" start-time="2019-10-31 15:28:16Z" end-time="2019-10-31 15:28:16Z" duration="0.000082" asserts="1" />
            <test-case id="1053" name="MatchCaseInsensitiveTest(&quot;DYHVLMJ&quot;,&quot;LHPEQZC&quot;,False)" fullname="Open_Lab_03._05.Tests.MatchCaseInsensitiveTest(&quot;DYHVLMJ&quot;,&quot;LHPEQZC&quot;,False)" methodname="MatchCaseInsensitiveTest" classname="Open_Lab_03._05.Tests" runstate="Runnable" seed="1655940405" result="Passed" start-time="2019-10-31 15:28:16Z" end-time="2019-10-31 15:28:16Z" duration="0.000083" asserts="1" />
            <test-case id="1054" name="MatchCaseInsensitiveTest(&quot;XIGBKN&quot;,&quot;XIGBKn&quot;,True)" fullname="Open_Lab_03._05.Tests.MatchCaseInsensitiveTest(&quot;XIGBKN&quot;,&quot;XIGBKn&quot;,True)" methodname="MatchCaseInsensitiveTest" classname="Open_Lab_03._05.Tests" runstate="Runnable" seed="1442675003" result="Passed" start-time="2019-10-31 15:28:16Z" end-time="2019-10-31 15:28:16Z" duration="0.000073" asserts="1" />
            <test-case id="1055" name="MatchCaseInsensitiveTest(&quot;JDJBOPRW&quot;,&quot;JdjBoPrW&quot;,True)" fullname="Open_Lab_03._05.Tests.MatchCaseInsensitiveTest(&quot;JDJBOPRW&quot;,&quot;JdjBoPrW&quot;,True)" methodname="MatchCaseInsensitiveTest" classname="Open_Lab_03._05.Tests" runstate="Runnable" seed="2069368919" result="Passed" start-time="2019-10-31 15:28:16Z" end-time="2019-10-31 15:28:16Z" duration="0.000078" asserts="1" />
            <test-case id="1056" name="MatchCaseInsensitiveTest(&quot;IVPMDK&quot;,&quot;MPHUHS&quot;,False)" fullname="Open_Lab_03._05.Tests.MatchCaseInsensitiveTest(&quot;IVPMDK&quot;,&quot;MPHUHS&quot;,False)" methodname="MatchCaseInsensitiveTest" classname="Open_Lab_03._05.Tests" runstate="Runnable" seed="253759026" result="Passed" start-time="2019-10-31 15:28:16Z" end-time="2019-10-31 15:28:16Z" duration="0.000078" asserts="1" />
            <test-case id="1057" name="MatchCaseInsensitiveTest(&quot;XFGAHYNQSB&quot;,&quot;XFgAhYnQsB&quot;,True)" fullname="Open_Lab_03._05.Tests.MatchCaseInsensitiveTest(&quot;XFGAHYNQSB&quot;,&quot;XFgAhYnQsB&quot;,True)" methodname="MatchCaseInsensitiveTest" classname="Open_Lab_03._05.Tests" runstate="Runnable" seed="881699507" result="Passed" start-time="2019-10-31 15:28:16Z" end-time="2019-10-31 15:28:16Z" duration="0.000077" asserts="1" />
            <test-case id="1058" name="MatchCaseInsensitiveTest(&quot;MXAYOZHXP&quot;,&quot;AJVUESEQI&quot;,False)" fullname="Open_Lab_03._05.Tests.MatchCaseInsensitiveTest(&quot;MXAYOZHXP&quot;,&quot;AJVUESEQI&quot;,False)" methodname="MatchCaseInsensitiveTest" classname="Open_Lab_03._05.Tests" runstate="Runnable" seed="218747670" result="Passed" start-time="2019-10-31 15:28:16Z" end-time="2019-10-31 15:28:16Z" duration="0.000070" asserts="1" />
            <test-case id="1059" name="MatchCaseInsensitiveTest(&quot;DNXFKU&quot;,&quot;LPMQHG&quot;,False)" fullname="Open_Lab_03._05.Tests.MatchCaseInsensitiveTest(&quot;DNXFKU&quot;,&quot;LPMQHG&quot;,False)" methodname="MatchCaseInsensitiveTest" classname="Open_Lab_03._05.Tests" runstate="Runnable" seed="83213738" result="Passed" start-time="2019-10-31 15:28:16Z" end-time="2019-10-31 15:28:16Z" duration="0.000077" asserts="1" />
            <test-case id="1060" name="MatchCaseInsensitiveTest(&quot;SJAIJOI&quot;,&quot;SjAIjOI&quot;,True)" fullname="Open_Lab_03._05.Tests.MatchCaseInsensitiveTest(&quot;SJAIJOI&quot;,&quot;SjAIjOI&quot;,True)" methodname="MatchCaseInsensitiveTest" classname="Open_Lab_03._05.Tests" runstate="Runnable" seed="410306032" result="Passed" start-time="2019-10-31 15:28:16Z" end-time="2019-10-31 15:28:16Z" duration="0.000078" asserts="1" />
            <test-case id="1061" name="MatchCaseInsensitiveTest(&quot;ZDJCOYZUNU&quot;,&quot;ZDjCOyzUnu&quot;,True)" fullname="Open_Lab_03._05.Tests.MatchCaseInsensitiveTest(&quot;ZDJCOYZUNU&quot;,&quot;ZDjCOyzUnu&quot;,True)" methodname="MatchCaseInsensitiveTest" classname="Open_Lab_03._05.Tests" runstate="Runnable" seed="84804349" result="Passed" start-time="2019-10-31 15:28:16Z" end-time="2019-10-31 15:28:16Z" duration="0.000076" asserts="1" />
            <test-case id="1062" name="MatchCaseInsensitiveTest(&quot;YTJIB&quot;,&quot;yTjIb&quot;,True)" fullname="Open_Lab_03._05.Tests.MatchCaseInsensitiveTest(&quot;YTJIB&quot;,&quot;yTjIb&quot;,True)" methodname="MatchCaseInsensitiveTest" classname="Open_Lab_03._05.Tests" runstate="Runnable" seed="389176123" result="Passed" start-time="2019-10-31 15:28:16Z" end-time="2019-10-31 15:28:16Z" duration="0.000070" asserts="1" />
            <test-case id="1063" name="MatchCaseInsensitiveTest(&quot;QDWIPTJG&quot;,&quot;QDwIpTJg&quot;,True)" fullname="Open_Lab_03._05.Tests.MatchCaseInsensitiveTest(&quot;QDWIPTJG&quot;,&quot;QDwIpTJg&quot;,True)" methodname="MatchCaseInsensitiveTest" classname="Open_Lab_03._05.Tests" runstate="Runnable" seed="52913450" result="Passed" start-time="2019-10-31 15:28:16Z" end-time="2019-10-31 15:28:16Z" duration="0.000080" asserts="1" />
            <test-case id="1064" name="MatchCaseInsensitiveTest(&quot;NQZREQTFX&quot;,&quot;NqzReqtfX&quot;,True)" fullname="Open_Lab_03._05.Tests.MatchCaseInsensitiveTest(&quot;NQZREQTFX&quot;,&quot;NqzReqtfX&quot;,True)" methodname="MatchCaseInsensitiveTest" classname="Open_Lab_03._05.Tests" runstate="Runnable" seed="477525441" result="Passed" start-time="2019-10-31 15:28:16Z" end-time="2019-10-31 15:28:16Z" duration="0.000077" asserts="1" />
            <test-case id="1065" name="MatchCaseInsensitiveTest(&quot;ASAXNJ&quot;,&quot;ASAXNj&quot;,True)" fullname="Open_Lab_03._05.Tests.MatchCaseInsensitiveTest(&quot;ASAXNJ&quot;,&quot;ASAXNj&quot;,True)" methodname="MatchCaseInsensitiveTest" classname="Open_Lab_03._05.Tests" runstate="Runnable" seed="850773451" result="Passed" start-time="2019-10-31 15:28:16Z" end-time="2019-10-31 15:28:16Z" duration="0.000078" asserts="1" />
            <test-case id="1066" name="MatchCaseInsensitiveTest(&quot;ZAJZZGP&quot;,&quot;KWSCNRA&quot;,False)" fullname="Open_Lab_03._05.Tests.MatchCaseInsensitiveTest(&quot;ZAJZZGP&quot;,&quot;KWSCNRA&quot;,False)" methodname="MatchCaseInsensitiveTest" classname="Open_Lab_03._05.Tests" runstate="Runnable" seed="1434110081" result="Passed" start-time="2019-10-31 15:28:16Z" end-time="2019-10-31 15:28:16Z" duration="0.000070" asserts="1" />
            <test-case id="1067" name="MatchCaseInsensitiveTest(&quot;GFESGUQB&quot;,&quot;gFEsguqB&quot;,True)" fullname="Open_Lab_03._05.Tests.MatchCaseInsensitiveTest(&quot;GFESGUQB&quot;,&quot;gFEsguqB&quot;,True)" methodname="MatchCaseInsensitiveTest" classname="Open_Lab_03._05.Tests" runstate="Runnable" seed="1985746547" result="Passed" start-time="2019-10-31 15:28:16Z" end-time="2019-10-31 15:28:16Z" duration="0.000077" asserts="1" />
            <test-case id="1068" name="MatchCaseInsensitiveTest(&quot;BASIPZLPW&quot;,&quot;bAsIPzLpw&quot;,True)" fullname="Open_Lab_03._05.Tests.MatchCaseInsensitiveTest(&quot;BASIPZLPW&quot;,&quot;bAsIPzLpw&quot;,True)" methodname="MatchCaseInsensitiveTest" classname="Open_Lab_03._05.Tests" runstate="Runnable" seed="677184844" result="Passed" start-time="2019-10-31 15:28:16Z" end-time="2019-10-31 15:28:16Z" duration="0.000077" asserts="1" />
            <test-case id="1069" name="MatchCaseInsensitiveTest(&quot;JEKHV&quot;,&quot;EIODN&quot;,False)" fullname="Open_Lab_03._05.Tests.MatchCaseInsensitiveTest(&quot;JEKHV&quot;,&quot;EIODN&quot;,False)" methodname="MatchCaseInsensitiveTest" classname="Open_Lab_03._05.Tests" runstate="Runnable" seed="286232330" result="Passed" start-time="2019-10-31 15:28:16Z" end-time="2019-10-31 15:28:16Z" duration="0.000077" asserts="1" />
            <test-case id="1070" name="MatchCaseInsensitiveTest(&quot;SJZQQXQE&quot;,&quot;sJZqqxqe&quot;,True)" fullname="Open_Lab_03._05.Tests.MatchCaseInsensitiveTest(&quot;SJZQQXQE&quot;,&quot;sJZqqxqe&quot;,True)" methodname="MatchCaseInsensitiveTest" classname="Open_Lab_03._05.Tests" runstate="Runnable" seed="203913869" result="Passed" start-time="2019-10-31 15:28:16Z" end-time="2019-10-31 15:28:16Z" duration="0.000070" asserts="1" />
            <test-case id="1071" name="MatchCaseInsensitiveTest(&quot;AWUBY&quot;,&quot;XQKMK&quot;,False)" fullname="Open_Lab_03._05.Tests.MatchCaseInsensitiveTest(&quot;AWUBY&quot;,&quot;XQKMK&quot;,False)" methodname="MatchCaseInsensitiveTest" classname="Open_Lab_03._05.Tests" runstate="Runnable" seed="1000921383" result="Passed" start-time="2019-10-31 15:28:16Z" end-time="2019-10-31 15:28:16Z" duration="0.000091" asserts="1" />
            <test-case id="1072" name="MatchCaseInsensitiveTest(&quot;MITPHIRKA&quot;,&quot;KRXNSFCBR&quot;,False)" fullname="Open_Lab_03._05.Tests.MatchCaseInsensitiveTest(&quot;MITPHIRKA&quot;,&quot;KRXNSFCBR&quot;,False)" methodname="MatchCaseInsensitiveTest" classname="Open_Lab_03._05.Tests" runstate="Runnable" seed="392058230" result="Passed" start-time="2019-10-31 15:28:16Z" end-time="2019-10-31 15:28:16Z" duration="0.000078" asserts="1" />
            <test-case id="1073" name="MatchCaseInsensitiveTest(&quot;NNMRK&quot;,&quot;Nnmrk&quot;,True)" fullname="Open_Lab_03._05.Tests.MatchCaseInsensitiveTest(&quot;NNMRK&quot;,&quot;Nnmrk&quot;,True)" methodname="MatchCaseInsensitiveTest" classname="Open_Lab_03._05.Tests" runstate="Runnable" seed="1953324956" result="Passed" start-time="2019-10-31 15:28:16Z" end-time="2019-10-31 15:28:16Z" duration="0.000080" asserts="1" />
            <test-case id="1074" name="MatchCaseInsensitiveTest(&quot;MJEPOQV&quot;,&quot;MJEPOqV&quot;,True)" fullname="Open_Lab_03._05.Tests.MatchCaseInsensitiveTest(&quot;MJEPOQV&quot;,&quot;MJEPOqV&quot;,True)" methodname="MatchCaseInsensitiveTest" classname="Open_Lab_03._05.Tests" runstate="Runnable" seed="1092211145" result="Passed" start-time="2019-10-31 15:28:16Z" end-time="2019-10-31 15:28:16Z" duration="0.000071" asserts="1" />
            <test-case id="1075" name="MatchCaseInsensitiveTest(&quot;ROIUIRKZ&quot;,&quot;RoiUIRkZ&quot;,True)" fullname="Open_Lab_03._05.Tests.MatchCaseInsensitiveTest(&quot;ROIUIRKZ&quot;,&quot;RoiUIRkZ&quot;,True)" methodname="MatchCaseInsensitiveTest" classname="Open_Lab_03._05.Tests" runstate="Runnable" seed="264505982" result="Passed" start-time="2019-10-31 15:28:16Z" end-time="2019-10-31 15:28:16Z" duration="0.000078" asserts="1" />
            <test-case id="1076" name="MatchCaseInsensitiveTest(&quot;KDOQNKWJKW&quot;,&quot;KDoQnkwjKW&quot;,True)" fullname="Open_Lab_03._05.Tests.MatchCaseInsensitiveTest(&quot;KDOQNKWJKW&quot;,&quot;KDoQnkwjKW&quot;,True)" methodname="MatchCaseInsensitiveTest" classname="Open_Lab_03._05.Tests" runstate="Runnable" seed="1619793325" result="Passed" start-time="2019-10-31 15:28:16Z" end-time="2019-10-31 15:28:16Z" duration="0.000079" asserts="1" />
            <test-case id="1077" name="MatchCaseInsensitiveTest(&quot;YFTMLFVZGV&quot;,&quot;RTMKSBAYYY&quot;,False)" fullname="Open_Lab_03._05.Tests.MatchCaseInsensitiveTest(&quot;YFTMLFVZGV&quot;,&quot;RTMKSBAYYY&quot;,False)" methodname="MatchCaseInsensitiveTest" classname="Open_Lab_03._05.Tests" runstate="Runnable" seed="1609489886" result="Passed" start-time="2019-10-31 15:28:16Z" end-time="2019-10-31 15:28:16Z" duration="0.000077" asserts="1" />
            <test-case id="1078" name="MatchCaseInsensitiveTest(&quot;BZQSNS&quot;,&quot;FYWIPP&quot;,False)" fullname="Open_Lab_03._05.Tests.MatchCaseInsensitiveTest(&quot;BZQSNS&quot;,&quot;FYWIPP&quot;,False)" methodname="MatchCaseInsensitiveTest" classname="Open_Lab_03._05.Tests" runstate="Runnable" seed="371912561" result="Passed" start-time="2019-10-31 15:28:16Z" end-time="2019-10-31 15:28:16Z" duration="0.000071" asserts="1" />
            <test-case id="1079" name="MatchCaseInsensitiveTest(&quot;WBZQNK&quot;,&quot;WbzQnK&quot;,True)" fullname="Open_Lab_03._05.Tests.MatchCaseInsensitiveTest(&quot;WBZQNK&quot;,&quot;WbzQnK&quot;,True)" methodname="MatchCaseInsensitiveTest" classname="Open_Lab_03._05.Tests" runstate="Runnable" seed="1052487168" result="Passed" start-time="2019-10-31 15:28:16Z" end-time="2019-10-31 15:28:16Z" duration="0.000077" asserts="1" />
            <test-case id="1080" name="MatchCaseInsensitiveTest(&quot;LZRYOLD&quot;,&quot;LZRYoLd&quot;,True)" fullname="Open_Lab_03._05.Tests.MatchCaseInsensitiveTest(&quot;LZRYOLD&quot;,&quot;LZRYoLd&quot;,True)" methodname="MatchCaseInsensitiveTest" classname="Open_Lab_03._05.Tests" runstate="Runnable" seed="628222971" result="Passed" start-time="2019-10-31 15:28:16Z" end-time="2019-10-31 15:28:16Z" duration="0.000078" asserts="1" />
            <test-case id="1081" name="MatchCaseInsensitiveTest(&quot;EXFJEZYILW&quot;,&quot;ExFJEZyILW&quot;,True)" fullname="Open_Lab_03._05.Tests.MatchCaseInsensitiveTest(&quot;EXFJEZYILW&quot;,&quot;ExFJEZyILW&quot;,True)" methodname="MatchCaseInsensitiveTest" classname="Open_Lab_03._05.Tests" runstate="Runnable" seed="1220313178" result="Passed" start-time="2019-10-31 15:28:16Z" end-time="2019-10-31 15:28:16Z" duration="0.000076" asserts="1" />
            <test-case id="1082" name="MatchCaseInsensitiveTest(&quot;ATFCEGYKQ&quot;,&quot;ICVODNDEL&quot;,False)" fullname="Open_Lab_03._05.Tests.MatchCaseInsensitiveTest(&quot;ATFCEGYKQ&quot;,&quot;ICVODNDEL&quot;,False)" methodname="MatchCaseInsensitiveTest" classname="Open_Lab_03._05.Tests" runstate="Runnable" seed="1269936390" result="Passed" start-time="2019-10-31 15:28:16Z" end-time="2019-10-31 15:28:16Z" duration="0.000070" asserts="1" />
            <test-case id="1083" name="MatchCaseInsensitiveTest(&quot;MSOCY&quot;,&quot;MsOCY&quot;,True)" fullname="Open_Lab_03._05.Tests.MatchCaseInsensitiveTest(&quot;MSOCY&quot;,&quot;MsOCY&quot;,True)" methodname="MatchCaseInsensitiveTest" classname="Open_Lab_03._05.Tests" runstate="Runnable" seed="628180205" result="Passed" start-time="2019-10-31 15:28:16Z" end-time="2019-10-31 15:28:16Z" duration="0.000077" asserts="1" />
            <test-case id="1084" name="MatchCaseInsensitiveTest(&quot;RNWLDCUSJ&quot;,&quot;rnWLDcUsj&quot;,True)" fullname="Open_Lab_03._05.Tests.MatchCaseInsensitiveTest(&quot;RNWLDCUSJ&quot;,&quot;rnWLDcUsj&quot;,True)" methodname="MatchCaseInsensitiveTest" classname="Open_Lab_03._05.Tests" runstate="Runnable" seed="755105128" result="Passed" start-time="2019-10-31 15:28:16Z" end-time="2019-10-31 15:28:16Z" duration="0.000080" asserts="1" />
            <test-case id="1085" name="MatchCaseInsensitiveTest(&quot;WIDIFDEGE&quot;,&quot;wiDIFdege&quot;,True)" fullname="Open_Lab_03._05.Tests.MatchCaseInsensitiveTest(&quot;WIDIFDEGE&quot;,&quot;wiDIFdege&quot;,True)" methodname="MatchCaseInsensitiveTest" classname="Open_Lab_03._05.Tests" runstate="Runnable" seed="872899185" result="Passed" start-time="2019-10-31 15:28:16Z" end-time="2019-10-31 15:28:16Z" duration="0.000070" asserts="1" />
            <test-case id="1086" name="MatchCaseInsensitiveTest(&quot;QIZLM&quot;,&quot;QiZLM&quot;,True)" fullname="Open_Lab_03._05.Tests.MatchCaseInsensitiveTest(&quot;QIZLM&quot;,&quot;QiZLM&quot;,True)" methodname="MatchCaseInsensitiveTest" classname="Open_Lab_03._05.Tests" runstate="Runnable" seed="838441590" result="Passed" start-time="2019-10-31 15:28:16Z" end-time="2019-10-31 15:28:16Z" duration="0.000071" asserts="1" />
            <test-case id="1087" name="MatchCaseInsensitiveTest(&quot;FTFJJNGAX&quot;,&quot;OOJOMBYVJ&quot;,False)" fullname="Open_Lab_03._05.Tests.MatchCaseInsensitiveTest(&quot;FTFJJNGAX&quot;,&quot;OOJOMBYVJ&quot;,False)" methodname="MatchCaseInsensitiveTest" classname="Open_Lab_03._05.Tests" runstate="Runnable" seed="337355533" result="Passed" start-time="2019-10-31 15:28:16Z" end-time="2019-10-31 15:28:16Z" duration="0.000079" asserts="1" />
            <test-case id="1088" name="MatchCaseInsensitiveTest(&quot;BPKOIR&quot;,&quot;BpKoIR&quot;,True)" fullname="Open_Lab_03._05.Tests.MatchCaseInsensitiveTest(&quot;BPKOIR&quot;,&quot;BpKoIR&quot;,True)" methodname="MatchCaseInsensitiveTest" classname="Open_Lab_03._05.Tests" runstate="Runnable" seed="816773157" result="Passed" start-time="2019-10-31 15:28:16Z" end-time="2019-10-31 15:28:16Z" duration="0.000083" asserts="1" />
            <test-case id="1089" name="MatchCaseInsensitiveTest(&quot;NTUUQT&quot;,&quot;VZECUP&quot;,False)" fullname="Open_Lab_03._05.Tests.MatchCaseInsensitiveTest(&quot;NTUUQT&quot;,&quot;VZECUP&quot;,False)" methodname="MatchCaseInsensitiveTest" classname="Open_Lab_03._05.Tests" runstate="Runnable" seed="150337967" result="Passed" start-time="2019-10-31 15:28:16Z" end-time="2019-10-31 15:28:16Z" duration="0.000072" asserts="1" />
            <test-case id="1090" name="MatchCaseInsensitiveTest(&quot;XGCFHNUQIR&quot;,&quot;ARQABSXXBX&quot;,False)" fullname="Open_Lab_03._05.Tests.MatchCaseInsensitiveTest(&quot;XGCFHNUQIR&quot;,&quot;ARQABSXXBX&quot;,False)" methodname="MatchCaseInsensitiveTest" classname="Open_Lab_03._05.Tests" runstate="Runnable" seed="525961128" result="Passed" start-time="2019-10-31 15:28:16Z" end-time="2019-10-31 15:28:16Z" duration="0.000071" asserts="1" />
            <test-case id="1091" name="MatchCaseInsensitiveTest(&quot;EBSNIBKIUS&quot;,&quot;EBsNibkIUS&quot;,True)" fullname="Open_Lab_03._05.Tests.MatchCaseInsensitiveTest(&quot;EBSNIBKIUS&quot;,&quot;EBsNibkIUS&quot;,True)" methodname="MatchCaseInsensitiveTest" classname="Open_Lab_03._05.Tests" runstate="Runnable" seed="385271090" result="Passed" start-time="2019-10-31 15:28:16Z" end-time="2019-10-31 15:28:16Z" duration="0.000078" asserts="1" />
            <test-case id="1092" name="MatchCaseInsensitiveTest(&quot;TZCVYME&quot;,&quot;TZcvYme&quot;,True)" fullname="Open_Lab_03._05.Tests.MatchCaseInsensitiveTest(&quot;TZCVYME&quot;,&quot;TZcvYme&quot;,True)" methodname="MatchCaseInsensitiveTest" classname="Open_Lab_03._05.Tests" runstate="Runnable" seed="1856002219" result="Passed" start-time="2019-10-31 15:28:16Z" end-time="2019-10-31 15:28:16Z" duration="0.000076" asserts="1" />
            <test-case id="1093" name="MatchCaseInsensitiveTest(&quot;FSFAXIXT&quot;,&quot;SJOLOHAC&quot;,False)" fullname="Open_Lab_03._05.Tests.MatchCaseInsensitiveTest(&quot;FSFAXIXT&quot;,&quot;SJOLOHAC&quot;,False)" methodname="MatchCaseInsensitiveTest" classname="Open_Lab_03._05.Tests" runstate="Runnable" seed="1532875468" result="Passed" start-time="2019-10-31 15:28:16Z" end-time="2019-10-31 15:28:16Z" duration="0.000070" asserts="1" />
            <test-case id="1094" name="MatchCaseInsensitiveTest(&quot;HTKMDXDXEU&quot;,&quot;HTKmDXDxEu&quot;,True)" fullname="Open_Lab_03._05.Tests.MatchCaseInsensitiveTest(&quot;HTKMDXDXEU&quot;,&quot;HTKmDXDxEu&quot;,True)" methodname="MatchCaseInsensitiveTest" classname="Open_Lab_03._05.Tests" runstate="Runnable" seed="1738893989" result="Passed" start-time="2019-10-31 15:28:16Z" end-time="2019-10-31 15:28:16Z" duration="0.000070" asserts="1" />
            <test-case id="1095" name="MatchCaseInsensitiveTest(&quot;BIDPXT&quot;,&quot;biDPXt&quot;,True)" fullname="Open_Lab_03._05.Tests.MatchCaseInsensitiveTest(&quot;BIDPXT&quot;,&quot;biDPXt&quot;,True)" methodname="MatchCaseInsensitiveTest" classname="Open_Lab_03._05.Tests" runstate="Runnable" seed="557860790" result="Passed" start-time="2019-10-31 15:28:16Z" end-time="2019-10-31 15:28:16Z" duration="0.000081" asserts="1" />
            <test-case id="1096" name="MatchCaseInsensitiveTest(&quot;JTPIXZDDW&quot;,&quot;ASMNZTWLM&quot;,False)" fullname="Open_Lab_03._05.Tests.MatchCaseInsensitiveTest(&quot;JTPIXZDDW&quot;,&quot;ASMNZTWLM&quot;,False)" methodname="MatchCaseInsensitiveTest" classname="Open_Lab_03._05.Tests" runstate="Runnable" seed="924700770" result="Passed" start-time="2019-10-31 15:28:16Z" end-time="2019-10-31 15:28:16Z" duration="0.000077" asserts="1" />
            <test-case id="1097" name="MatchCaseInsensitiveTest(&quot;RBJNAKPXVZ&quot;,&quot;YQIDFVOINF&quot;,False)" fullname="Open_Lab_03._05.Tests.MatchCaseInsensitiveTest(&quot;RBJNAKPXVZ&quot;,&quot;YQIDFVOINF&quot;,False)" methodname="MatchCaseInsensitiveTest" classname="Open_Lab_03._05.Tests" runstate="Runnable" seed="634080013" result="Passed" start-time="2019-10-31 15:28:16Z" end-time="2019-10-31 15:28:16Z" duration="0.000070" asserts="1" />
            <test-case id="1098" name="MatchCaseInsensitiveTest(&quot;MDXLFI&quot;,&quot;NCLHEX&quot;,False)" fullname="Open_Lab_03._05.Tests.MatchCaseInsensitiveTest(&quot;MDXLFI&quot;,&quot;NCLHEX&quot;,False)" methodname="MatchCaseInsensitiveTest" classname="Open_Lab_03._05.Tests" runstate="Runnable" seed="1240951183" result="Passed" start-time="2019-10-31 15:28:16Z" end-time="2019-10-31 15:28:16Z" duration="0.000074" asserts="1" />
            <test-case id="1099" name="MatchCaseInsensitiveTest(&quot;JBHMJ&quot;,&quot;jbHmj&quot;,True)" fullname="Open_Lab_03._05.Tests.MatchCaseInsensitiveTest(&quot;JBHMJ&quot;,&quot;jbHmj&quot;,True)" methodname="MatchCaseInsensitiveTest" classname="Open_Lab_03._05.Tests" runstate="Runnable" seed="177410535" result="Passed" start-time="2019-10-31 15:28:16Z" end-time="2019-10-31 15:28:16Z" duration="0.000071" asserts="1" />
            <test-case id="1100" name="MatchCaseInsensitiveTest(&quot;TXICZ&quot;,&quot;TXICz&quot;,True)" fullname="Open_Lab_03._05.Tests.MatchCaseInsensitiveTest(&quot;TXICZ&quot;,&quot;TXICz&quot;,True)" methodname="MatchCaseInsensitiveTest" classname="Open_Lab_03._05.Tests" runstate="Runnable" seed="810093829" result="Passed" start-time="2019-10-31 15:28:16Z" end-time="2019-10-31 15:28:16Z" duration="0.000077" asserts="1" />
          </test-suite>
        </test-suite>
      </test-suite>
    </test-suite>
  </test-suite>
</test-run>