<?xml version="1.0" encoding="utf-8"?>
<test-run id="2" name="Open-Lab-03.03.dll" fullname="C:/Users/Spravca/source/repos/OL_03.03/Open-Lab-03.03/bin/Debug/netcoreapp3.0/Open-Lab-03.03.dll" testcasecount="100" result="Passed" start-time="2019-10-28 18:55:12Z" end-time="2019-10-28 18:55:12Z" duration="0.042171" total="100" passed="100" failed="0" inconclusive="0" skipped="0" asserts="100" random-seed="1651707145">
  <command-line><![CDATA[C:\Users\Spravca\source\repos\OL_03.03\Open-Lab-03.03\bin\Debug\netcoreapp3.0\Open-Lab-03.03.dll]]></command-line>
  <filter />
  <test-suite type="Assembly" id="1102" name="Open-Lab-03.03.dll" fullname="C:/Users/Spravca/source/repos/OL_03.03/Open-Lab-03.03/bin/Debug/netcoreapp3.0/Open-Lab-03.03.dll" runstate="Runnable" testcasecount="100" result="Passed" start-time="2019-10-28 18:55:12Z" end-time="2019-10-28 18:55:12Z" duration="0.042171" total="100" passed="100" failed="0" warnings="0" inconclusive="0" skipped="0" asserts="100">
    <environment framework-version="3.12.0.0" clr-version="3.0.0" os-version="Microsoft Windows 10.0.18362" platform="Win32NT" cwd="C:\Users\Spravca\source\repos\OL_03.03\Open-Lab-03.03\bin\Debug\netcoreapp3.0" machine-name="DOMACI" user="Spravca" user-domain="DOMACI" culture="sk-SK" uiculture="sk-SK" os-architecture="x64" />
    <settings>
      <setting name="WorkDirectory" value="C:\Users\Spravca\source\repos\OL_03.03\Open-Lab-03.03\bin\Debug\netcoreapp3.0" />
      <setting name="NumberOfTestWorkers" value="12" />
    </settings>
    <properties>
      <property name="_PID" value="18060" />
      <property name="_APPDOMAIN" value="Open-Lab-03.03" />
    </properties>
    <test-suite type="TestSuite" id="1103" name="Open_Lab_03" fullname="Open_Lab_03" runstate="Runnable" testcasecount="100" result="Passed" start-time="2019-10-28 18:55:12Z" end-time="2019-10-28 18:55:12Z" duration="0.034662" total="100" passed="100" failed="0" warnings="0" inconclusive="0" skipped="0" asserts="100">
      <test-suite type="TestSuite" id="1104" name="_03" fullname="Open_Lab_03._03" runstate="Runnable" testcasecount="100" result="Passed" start-time="2019-10-28 18:55:12Z" end-time="2019-10-28 18:55:12Z" duration="0.034344" total="100" passed="100" failed="0" warnings="0" inconclusive="0" skipped="0" asserts="100">
        <test-suite type="TestFixture" id="1000" name="Tests" fullname="Open_Lab_03._03.Tests" classname="Open_Lab_03._03.Tests" runstate="Runnable" testcasecount="100" result="Passed" start-time="2019-10-28 18:55:12Z" end-time="2019-10-28 18:55:12Z" duration="0.032428" total="100" passed="100" failed="0" warnings="0" inconclusive="0" skipped="0" asserts="100">
          <test-suite type="ParameterizedMethod" id="1101" name="CompareCharactersCountTest" fullname="Open_Lab_03._03.Tests.CompareCharactersCountTest" classname="Open_Lab_03._03.Tests" runstate="Runnable" testcasecount="100" result="Passed" start-time="2019-10-28 18:55:12Z" end-time="2019-10-28 18:55:12Z" duration="0.026510" total="100" passed="100" failed="0" warnings="0" inconclusive="0" skipped="0" asserts="100">
            <test-case id="1001" name="CompareCharactersCountTest(&quot;AB&quot;,&quot;CD&quot;,True)" fullname="Open_Lab_03._03.Tests.CompareCharactersCountTest(&quot;AB&quot;,&quot;CD&quot;,True)" methodname="CompareCharactersCountTest" classname="Open_Lab_03._03.Tests" runstate="Runnable" seed="985630809" result="Passed" start-time="2019-10-28 18:55:12Z" end-time="2019-10-28 18:55:12Z" duration="0.017493" asserts="1" />
            <test-case id="1002" name="CompareCharactersCountTest(&quot;ABC&quot;,&quot;DE&quot;,False)" fullname="Open_Lab_03._03.Tests.CompareCharactersCountTest(&quot;ABC&quot;,&quot;DE&quot;,False)" methodname="CompareCharactersCountTest" classname="Open_Lab_03._03.Tests" runstate="Runnable" seed="1385413056" result="Passed" start-time="2019-10-28 18:55:12Z" end-time="2019-10-28 18:55:12Z" duration="0.000143" asserts="1" />
            <test-case id="1003" name="CompareCharactersCountTest(&quot;Test&quot;,&quot;GitHub&quot;,False)" fullname="Open_Lab_03._03.Tests.CompareCharactersCountTest(&quot;Test&quot;,&quot;GitHub&quot;,False)" methodname="CompareCharactersCountTest" classname="Open_Lab_03._03.Tests" runstate="Runnable" seed="1501219783" result="Passed" start-time="2019-10-28 18:55:12Z" end-time="2019-10-28 18:55:12Z" duration="0.000056" asserts="1" />
            <test-case id="1004" name="CompareCharactersCountTest(&quot;&quot;,&quot;A&quot;,False)" fullname="Open_Lab_03._03.Tests.CompareCharactersCountTest(&quot;&quot;,&quot;A&quot;,False)" methodname="CompareCharactersCountTest" classname="Open_Lab_03._03.Tests" runstate="Runnable" seed="200530599" result="Passed" start-time="2019-10-28 18:55:12Z" end-time="2019-10-28 18:55:12Z" duration="0.000042" asserts="1" />
            <test-case id="1005" name="CompareCharactersCountTest(&quot;VFWW&quot;,&quot;EVK&quot;,False)" fullname="Open_Lab_03._03.Tests.CompareCharactersCountTest(&quot;VFWW&quot;,&quot;EVK&quot;,False)" methodname="CompareCharactersCountTest" classname="Open_Lab_03._03.Tests" runstate="Runnable" seed="1147704144" result="Passed" start-time="2019-10-28 18:55:12Z" end-time="2019-10-28 18:55:12Z" duration="0.000041" asserts="1" />
            <test-case id="1006" name="CompareCharactersCountTest(&quot;WRHT&quot;,&quot;HC&quot;,False)" fullname="Open_Lab_03._03.Tests.CompareCharactersCountTest(&quot;WRHT&quot;,&quot;HC&quot;,False)" methodname="CompareCharactersCountTest" classname="Open_Lab_03._03.Tests" runstate="Runnable" seed="1843157370" result="Passed" start-time="2019-10-28 18:55:12Z" end-time="2019-10-28 18:55:12Z" duration="0.000044" asserts="1" />
            <test-case id="1007" name="CompareCharactersCountTest(&quot;WDIAGLOBQ&quot;,&quot;QNXNJQWZD&quot;,True)" fullname="Open_Lab_03._03.Tests.CompareCharactersCountTest(&quot;WDIAGLOBQ&quot;,&quot;QNXNJQWZD&quot;,True)" methodname="CompareCharactersCountTest" classname="Open_Lab_03._03.Tests" runstate="Runnable" seed="1388018145" result="Passed" start-time="2019-10-28 18:55:12Z" end-time="2019-10-28 18:55:12Z" duration="0.000039" asserts="1" />
            <test-case id="1008" name="CompareCharactersCountTest(&quot;PMJF&quot;,&quot;VCV&quot;,False)" fullname="Open_Lab_03._03.Tests.CompareCharactersCountTest(&quot;PMJF&quot;,&quot;VCV&quot;,False)" methodname="CompareCharactersCountTest" classname="Open_Lab_03._03.Tests" runstate="Runnable" seed="1258821258" result="Passed" start-time="2019-10-28 18:55:12Z" end-time="2019-10-28 18:55:12Z" duration="0.000040" asserts="1" />
            <test-case id="1009" name="CompareCharactersCountTest(&quot;&quot;,&quot;&quot;,True)" fullname="Open_Lab_03._03.Tests.CompareCharactersCountTest(&quot;&quot;,&quot;&quot;,True)" methodname="CompareCharactersCountTest" classname="Open_Lab_03._03.Tests" runstate="Runnable" seed="1359076301" result="Passed" start-time="2019-10-28 18:55:12Z" end-time="2019-10-28 18:55:12Z" duration="0.000046" asserts="1" />
            <test-case id="1010" name="CompareCharactersCountTest(&quot;V&quot;,&quot;J&quot;,True)" fullname="Open_Lab_03._03.Tests.CompareCharactersCountTest(&quot;V&quot;,&quot;J&quot;,True)" methodname="CompareCharactersCountTest" classname="Open_Lab_03._03.Tests" runstate="Runnable" seed="1227252032" result="Passed" start-time="2019-10-28 18:55:12Z" end-time="2019-10-28 18:55:12Z" duration="0.000042" asserts="1" />
            <test-case id="1011" name="CompareCharactersCountTest(&quot;XCHOU&quot;,&quot;IUOFWNN&quot;,False)" fullname="Open_Lab_03._03.Tests.CompareCharactersCountTest(&quot;XCHOU&quot;,&quot;IUOFWNN&quot;,False)" methodname="CompareCharactersCountTest" classname="Open_Lab_03._03.Tests" runstate="Runnable" seed="1317498741" result="Passed" start-time="2019-10-28 18:55:12Z" end-time="2019-10-28 18:55:12Z" duration="0.000045" asserts="1" />
            <test-case id="1012" name="CompareCharactersCountTest(&quot;LUDPQ&quot;,&quot;YJT&quot;,False)" fullname="Open_Lab_03._03.Tests.CompareCharactersCountTest(&quot;LUDPQ&quot;,&quot;YJT&quot;,False)" methodname="CompareCharactersCountTest" classname="Open_Lab_03._03.Tests" runstate="Runnable" seed="1959982984" result="Passed" start-time="2019-10-28 18:55:12Z" end-time="2019-10-28 18:55:12Z" duration="0.000045" asserts="1" />
            <test-case id="1013" name="CompareCharactersCountTest(&quot;&quot;,&quot;&quot;,True)" fullname="Open_Lab_03._03.Tests.CompareCharactersCountTest(&quot;&quot;,&quot;&quot;,True)" methodname="CompareCharactersCountTest" classname="Open_Lab_03._03.Tests" runstate="Runnable" seed="584954092" result="Passed" start-time="2019-10-28 18:55:12Z" end-time="2019-10-28 18:55:12Z" duration="0.000038" asserts="1" />
            <test-case id="1014" name="CompareCharactersCountTest(&quot;O&quot;,&quot;Z&quot;,True)" fullname="Open_Lab_03._03.Tests.CompareCharactersCountTest(&quot;O&quot;,&quot;Z&quot;,True)" methodname="CompareCharactersCountTest" classname="Open_Lab_03._03.Tests" runstate="Runnable" seed="118230479" result="Passed" start-time="2019-10-28 18:55:12Z" end-time="2019-10-28 18:55:12Z" duration="0.000047" asserts="1" />
            <test-case id="1015" name="CompareCharactersCountTest(&quot;SOZN&quot;,&quot;ST&quot;,False)" fullname="Open_Lab_03._03.Tests.CompareCharactersCountTest(&quot;SOZN&quot;,&quot;ST&quot;,False)" methodname="CompareCharactersCountTest" classname="Open_Lab_03._03.Tests" runstate="Runnable" seed="1328694703" result="Passed" start-time="2019-10-28 18:55:12Z" end-time="2019-10-28 18:55:12Z" duration="0.000044" asserts="1" />
            <test-case id="1016" name="CompareCharactersCountTest(&quot;SZVXEJ&quot;,&quot;HPIZQJ&quot;,True)" fullname="Open_Lab_03._03.Tests.CompareCharactersCountTest(&quot;SZVXEJ&quot;,&quot;HPIZQJ&quot;,True)" methodname="CompareCharactersCountTest" classname="Open_Lab_03._03.Tests" runstate="Runnable" seed="2014803593" result="Passed" start-time="2019-10-28 18:55:12Z" end-time="2019-10-28 18:55:12Z" duration="0.000038" asserts="1" />
            <test-case id="1017" name="CompareCharactersCountTest(&quot;TPLE&quot;,&quot;ACK&quot;,False)" fullname="Open_Lab_03._03.Tests.CompareCharactersCountTest(&quot;TPLE&quot;,&quot;ACK&quot;,False)" methodname="CompareCharactersCountTest" classname="Open_Lab_03._03.Tests" runstate="Runnable" seed="352338831" result="Passed" start-time="2019-10-28 18:55:12Z" end-time="2019-10-28 18:55:12Z" duration="0.000049" asserts="1" />
            <test-case id="1018" name="CompareCharactersCountTest(&quot;V&quot;,&quot;BC&quot;,False)" fullname="Open_Lab_03._03.Tests.CompareCharactersCountTest(&quot;V&quot;,&quot;BC&quot;,False)" methodname="CompareCharactersCountTest" classname="Open_Lab_03._03.Tests" runstate="Runnable" seed="1163023707" result="Passed" start-time="2019-10-28 18:55:12Z" end-time="2019-10-28 18:55:12Z" duration="0.000044" asserts="1" />
            <test-case id="1019" name="CompareCharactersCountTest(&quot;O&quot;,&quot;ZIR&quot;,False)" fullname="Open_Lab_03._03.Tests.CompareCharactersCountTest(&quot;O&quot;,&quot;ZIR&quot;,False)" methodname="CompareCharactersCountTest" classname="Open_Lab_03._03.Tests" runstate="Runnable" seed="137806880" result="Passed" start-time="2019-10-28 18:55:12Z" end-time="2019-10-28 18:55:12Z" duration="0.000038" asserts="1" />
            <test-case id="1020" name="CompareCharactersCountTest(&quot;W&quot;,&quot;Q&quot;,True)" fullname="Open_Lab_03._03.Tests.CompareCharactersCountTest(&quot;W&quot;,&quot;Q&quot;,True)" methodname="CompareCharactersCountTest" classname="Open_Lab_03._03.Tests" runstate="Runnable" seed="1409647191" result="Passed" start-time="2019-10-28 18:55:12Z" end-time="2019-10-28 18:55:12Z" duration="0.000043" asserts="1" />
            <test-case id="1021" name="CompareCharactersCountTest(&quot;P&quot;,&quot;T&quot;,True)" fullname="Open_Lab_03._03.Tests.CompareCharactersCountTest(&quot;P&quot;,&quot;T&quot;,True)" methodname="CompareCharactersCountTest" classname="Open_Lab_03._03.Tests" runstate="Runnable" seed="1994589945" result="Passed" start-time="2019-10-28 18:55:12Z" end-time="2019-10-28 18:55:12Z" duration="0.000042" asserts="1" />
            <test-case id="1022" name="CompareCharactersCountTest(&quot;GOJDSMVKB&quot;,&quot;OTPENFZWB&quot;,True)" fullname="Open_Lab_03._03.Tests.CompareCharactersCountTest(&quot;GOJDSMVKB&quot;,&quot;OTPENFZWB&quot;,True)" methodname="CompareCharactersCountTest" classname="Open_Lab_03._03.Tests" runstate="Runnable" seed="89413978" result="Passed" start-time="2019-10-28 18:55:12Z" end-time="2019-10-28 18:55:12Z" duration="0.000040" asserts="1" />
            <test-case id="1023" name="CompareCharactersCountTest(&quot;AI&quot;,&quot;R&quot;,False)" fullname="Open_Lab_03._03.Tests.CompareCharactersCountTest(&quot;AI&quot;,&quot;R&quot;,False)" methodname="CompareCharactersCountTest" classname="Open_Lab_03._03.Tests" runstate="Runnable" seed="1316427955" result="Passed" start-time="2019-10-28 18:55:12Z" end-time="2019-10-28 18:55:12Z" duration="0.000043" asserts="1" />
            <test-case id="1024" name="CompareCharactersCountTest(&quot;WJCLZPGDV&quot;,&quot;YFLYKQDD&quot;,False)" fullname="Open_Lab_03._03.Tests.CompareCharactersCountTest(&quot;WJCLZPGDV&quot;,&quot;YFLYKQDD&quot;,False)" methodname="CompareCharactersCountTest" classname="Open_Lab_03._03.Tests" runstate="Runnable" seed="1948628926" result="Passed" start-time="2019-10-28 18:55:12Z" end-time="2019-10-28 18:55:12Z" duration="0.000043" asserts="1" />
            <test-case id="1025" name="CompareCharactersCountTest(&quot;XNIJKDPNN&quot;,&quot;QOYXKWVDSY&quot;,False)" fullname="Open_Lab_03._03.Tests.CompareCharactersCountTest(&quot;XNIJKDPNN&quot;,&quot;QOYXKWVDSY&quot;,False)" methodname="CompareCharactersCountTest" classname="Open_Lab_03._03.Tests" runstate="Runnable" seed="991965705" result="Passed" start-time="2019-10-28 18:55:12Z" end-time="2019-10-28 18:55:12Z" duration="0.000038" asserts="1" />
            <test-case id="1026" name="CompareCharactersCountTest(&quot;&quot;,&quot;ML&quot;,False)" fullname="Open_Lab_03._03.Tests.CompareCharactersCountTest(&quot;&quot;,&quot;ML&quot;,False)" methodname="CompareCharactersCountTest" classname="Open_Lab_03._03.Tests" runstate="Runnable" seed="1703555644" result="Passed" start-time="2019-10-28 18:55:12Z" end-time="2019-10-28 18:55:12Z" duration="0.000045" asserts="1" />
            <test-case id="1027" name="CompareCharactersCountTest(&quot;AOY&quot;,&quot;RPE&quot;,True)" fullname="Open_Lab_03._03.Tests.CompareCharactersCountTest(&quot;AOY&quot;,&quot;RPE&quot;,True)" methodname="CompareCharactersCountTest" classname="Open_Lab_03._03.Tests" runstate="Runnable" seed="196188489" result="Passed" start-time="2019-10-28 18:55:12Z" end-time="2019-10-28 18:55:12Z" duration="0.000043" asserts="1" />
            <test-case id="1028" name="CompareCharactersCountTest(&quot;WBTNZSHK&quot;,&quot;CTNHAHB&quot;,False)" fullname="Open_Lab_03._03.Tests.CompareCharactersCountTest(&quot;WBTNZSHK&quot;,&quot;CTNHAHB&quot;,False)" methodname="CompareCharactersCountTest" classname="Open_Lab_03._03.Tests" runstate="Runnable" seed="1545695272" result="Passed" start-time="2019-10-28 18:55:12Z" end-time="2019-10-28 18:55:12Z" duration="0.000037" asserts="1" />
            <test-case id="1029" name="CompareCharactersCountTest(&quot;&quot;,&quot;&quot;,True)" fullname="Open_Lab_03._03.Tests.CompareCharactersCountTest(&quot;&quot;,&quot;&quot;,True)" methodname="CompareCharactersCountTest" classname="Open_Lab_03._03.Tests" runstate="Runnable" seed="1548109652" result="Passed" start-time="2019-10-28 18:55:12Z" end-time="2019-10-28 18:55:12Z" duration="0.000042" asserts="1" />
            <test-case id="1030" name="CompareCharactersCountTest(&quot;FWVK&quot;,&quot;BAUJ&quot;,True)" fullname="Open_Lab_03._03.Tests.CompareCharactersCountTest(&quot;FWVK&quot;,&quot;BAUJ&quot;,True)" methodname="CompareCharactersCountTest" classname="Open_Lab_03._03.Tests" runstate="Runnable" seed="920919473" result="Passed" start-time="2019-10-28 18:55:12Z" end-time="2019-10-28 18:55:12Z" duration="0.000042" asserts="1" />
            <test-case id="1031" name="CompareCharactersCountTest(&quot;VXLRO&quot;,&quot;AJDHEZ&quot;,False)" fullname="Open_Lab_03._03.Tests.CompareCharactersCountTest(&quot;VXLRO&quot;,&quot;AJDHEZ&quot;,False)" methodname="CompareCharactersCountTest" classname="Open_Lab_03._03.Tests" runstate="Runnable" seed="979435957" result="Passed" start-time="2019-10-28 18:55:12Z" end-time="2019-10-28 18:55:12Z" duration="0.000038" asserts="1" />
            <test-case id="1032" name="CompareCharactersCountTest(&quot;WTXBOS&quot;,&quot;MXDCSRN&quot;,False)" fullname="Open_Lab_03._03.Tests.CompareCharactersCountTest(&quot;WTXBOS&quot;,&quot;MXDCSRN&quot;,False)" methodname="CompareCharactersCountTest" classname="Open_Lab_03._03.Tests" runstate="Runnable" seed="726658245" result="Passed" start-time="2019-10-28 18:55:12Z" end-time="2019-10-28 18:55:12Z" duration="0.000043" asserts="1" />
            <test-case id="1033" name="CompareCharactersCountTest(&quot;&quot;,&quot;R&quot;,False)" fullname="Open_Lab_03._03.Tests.CompareCharactersCountTest(&quot;&quot;,&quot;R&quot;,False)" methodname="CompareCharactersCountTest" classname="Open_Lab_03._03.Tests" runstate="Runnable" seed="2099798281" result="Passed" start-time="2019-10-28 18:55:12Z" end-time="2019-10-28 18:55:12Z" duration="0.000041" asserts="1" />
            <test-case id="1034" name="CompareCharactersCountTest(&quot;JSTGV&quot;,&quot;CQMH&quot;,False)" fullname="Open_Lab_03._03.Tests.CompareCharactersCountTest(&quot;JSTGV&quot;,&quot;CQMH&quot;,False)" methodname="CompareCharactersCountTest" classname="Open_Lab_03._03.Tests" runstate="Runnable" seed="859900841" result="Passed" start-time="2019-10-28 18:55:12Z" end-time="2019-10-28 18:55:12Z" duration="0.000044" asserts="1" />
            <test-case id="1035" name="CompareCharactersCountTest(&quot;GILOFYR&quot;,&quot;DYFQCURVS&quot;,False)" fullname="Open_Lab_03._03.Tests.CompareCharactersCountTest(&quot;GILOFYR&quot;,&quot;DYFQCURVS&quot;,False)" methodname="CompareCharactersCountTest" classname="Open_Lab_03._03.Tests" runstate="Runnable" seed="1465960099" result="Passed" start-time="2019-10-28 18:55:12Z" end-time="2019-10-28 18:55:12Z" duration="0.000044" asserts="1" />
            <test-case id="1036" name="CompareCharactersCountTest(&quot;ZSLTYQYYQ&quot;,&quot;XVKCLUZ&quot;,False)" fullname="Open_Lab_03._03.Tests.CompareCharactersCountTest(&quot;ZSLTYQYYQ&quot;,&quot;XVKCLUZ&quot;,False)" methodname="CompareCharactersCountTest" classname="Open_Lab_03._03.Tests" runstate="Runnable" seed="1197410235" result="Passed" start-time="2019-10-28 18:55:12Z" end-time="2019-10-28 18:55:12Z" duration="0.000048" asserts="1" />
            <test-case id="1037" name="CompareCharactersCountTest(&quot;HDHDYNOZ&quot;,&quot;SPYOAJRLH&quot;,False)" fullname="Open_Lab_03._03.Tests.CompareCharactersCountTest(&quot;HDHDYNOZ&quot;,&quot;SPYOAJRLH&quot;,False)" methodname="CompareCharactersCountTest" classname="Open_Lab_03._03.Tests" runstate="Runnable" seed="1542700416" result="Passed" start-time="2019-10-28 18:55:12Z" end-time="2019-10-28 18:55:12Z" duration="0.000038" asserts="1" />
            <test-case id="1038" name="CompareCharactersCountTest(&quot;MJVPHITIO&quot;,&quot;DFIUVBLVT&quot;,True)" fullname="Open_Lab_03._03.Tests.CompareCharactersCountTest(&quot;MJVPHITIO&quot;,&quot;DFIUVBLVT&quot;,True)" methodname="CompareCharactersCountTest" classname="Open_Lab_03._03.Tests" runstate="Runnable" seed="1070729880" result="Passed" start-time="2019-10-28 18:55:12Z" end-time="2019-10-28 18:55:12Z" duration="0.000046" asserts="1" />
            <test-case id="1039" name="CompareCharactersCountTest(&quot;XFZYIZBX&quot;,&quot;MTQEUNJKL&quot;,False)" fullname="Open_Lab_03._03.Tests.CompareCharactersCountTest(&quot;XFZYIZBX&quot;,&quot;MTQEUNJKL&quot;,False)" methodname="CompareCharactersCountTest" classname="Open_Lab_03._03.Tests" runstate="Runnable" seed="1288666818" result="Passed" start-time="2019-10-28 18:55:12Z" end-time="2019-10-28 18:55:12Z" duration="0.000043" asserts="1" />
            <test-case id="1040" name="CompareCharactersCountTest(&quot;UEFAV&quot;,&quot;NHETZXV&quot;,False)" fullname="Open_Lab_03._03.Tests.CompareCharactersCountTest(&quot;UEFAV&quot;,&quot;NHETZXV&quot;,False)" methodname="CompareCharactersCountTest" classname="Open_Lab_03._03.Tests" runstate="Runnable" seed="2050070974" result="Passed" start-time="2019-10-28 18:55:12Z" end-time="2019-10-28 18:55:12Z" duration="0.000038" asserts="1" />
            <test-case id="1041" name="CompareCharactersCountTest(&quot;GNHKXH&quot;,&quot;IHWVVM&quot;,True)" fullname="Open_Lab_03._03.Tests.CompareCharactersCountTest(&quot;GNHKXH&quot;,&quot;IHWVVM&quot;,True)" methodname="CompareCharactersCountTest" classname="Open_Lab_03._03.Tests" runstate="Runnable" seed="1039014871" result="Passed" start-time="2019-10-28 18:55:12Z" end-time="2019-10-28 18:55:12Z" duration="0.000048" asserts="1" />
            <test-case id="1042" name="CompareCharactersCountTest(&quot;&quot;,&quot;&quot;,True)" fullname="Open_Lab_03._03.Tests.CompareCharactersCountTest(&quot;&quot;,&quot;&quot;,True)" methodname="CompareCharactersCountTest" classname="Open_Lab_03._03.Tests" runstate="Runnable" seed="417826625" result="Passed" start-time="2019-10-28 18:55:12Z" end-time="2019-10-28 18:55:12Z" duration="0.000044" asserts="1" />
            <test-case id="1043" name="CompareCharactersCountTest(&quot;QZ&quot;,&quot;HU&quot;,True)" fullname="Open_Lab_03._03.Tests.CompareCharactersCountTest(&quot;QZ&quot;,&quot;HU&quot;,True)" methodname="CompareCharactersCountTest" classname="Open_Lab_03._03.Tests" runstate="Runnable" seed="267905820" result="Passed" start-time="2019-10-28 18:55:12Z" end-time="2019-10-28 18:55:12Z" duration="0.000038" asserts="1" />
            <test-case id="1044" name="CompareCharactersCountTest(&quot;&quot;,&quot;&quot;,True)" fullname="Open_Lab_03._03.Tests.CompareCharactersCountTest(&quot;&quot;,&quot;&quot;,True)" methodname="CompareCharactersCountTest" classname="Open_Lab_03._03.Tests" runstate="Runnable" seed="1874428384" result="Passed" start-time="2019-10-28 18:55:12Z" end-time="2019-10-28 18:55:12Z" duration="0.000043" asserts="1" />
            <test-case id="1045" name="CompareCharactersCountTest(&quot;DKBVHXO&quot;,&quot;XZSOZ&quot;,False)" fullname="Open_Lab_03._03.Tests.CompareCharactersCountTest(&quot;DKBVHXO&quot;,&quot;XZSOZ&quot;,False)" methodname="CompareCharactersCountTest" classname="Open_Lab_03._03.Tests" runstate="Runnable" seed="325310042" result="Passed" start-time="2019-10-28 18:55:12Z" end-time="2019-10-28 18:55:12Z" duration="0.000043" asserts="1" />
            <test-case id="1046" name="CompareCharactersCountTest(&quot;&quot;,&quot;&quot;,True)" fullname="Open_Lab_03._03.Tests.CompareCharactersCountTest(&quot;&quot;,&quot;&quot;,True)" methodname="CompareCharactersCountTest" classname="Open_Lab_03._03.Tests" runstate="Runnable" seed="97013942" result="Passed" start-time="2019-10-28 18:55:12Z" end-time="2019-10-28 18:55:12Z" duration="0.000038" asserts="1" />
            <test-case id="1047" name="CompareCharactersCountTest(&quot;QNIJE&quot;,&quot;JMTX&quot;,False)" fullname="Open_Lab_03._03.Tests.CompareCharactersCountTest(&quot;QNIJE&quot;,&quot;JMTX&quot;,False)" methodname="CompareCharactersCountTest" classname="Open_Lab_03._03.Tests" runstate="Runnable" seed="463459880" result="Passed" start-time="2019-10-28 18:55:12Z" end-time="2019-10-28 18:55:12Z" duration="0.000043" asserts="1" />
            <test-case id="1048" name="CompareCharactersCountTest(&quot;YNX&quot;,&quot;KR&quot;,False)" fullname="Open_Lab_03._03.Tests.CompareCharactersCountTest(&quot;YNX&quot;,&quot;KR&quot;,False)" methodname="CompareCharactersCountTest" classname="Open_Lab_03._03.Tests" runstate="Runnable" seed="1330616900" result="Passed" start-time="2019-10-28 18:55:12Z" end-time="2019-10-28 18:55:12Z" duration="0.000042" asserts="1" />
            <test-case id="1049" name="CompareCharactersCountTest(&quot;GMGNZZHY&quot;,&quot;NIZGJQ&quot;,False)" fullname="Open_Lab_03._03.Tests.CompareCharactersCountTest(&quot;GMGNZZHY&quot;,&quot;NIZGJQ&quot;,False)" methodname="CompareCharactersCountTest" classname="Open_Lab_03._03.Tests" runstate="Runnable" seed="2030541834" result="Passed" start-time="2019-10-28 18:55:12Z" end-time="2019-10-28 18:55:12Z" duration="0.000037" asserts="1" />
            <test-case id="1050" name="CompareCharactersCountTest(&quot;DNGI&quot;,&quot;AU&quot;,False)" fullname="Open_Lab_03._03.Tests.CompareCharactersCountTest(&quot;DNGI&quot;,&quot;AU&quot;,False)" methodname="CompareCharactersCountTest" classname="Open_Lab_03._03.Tests" runstate="Runnable" seed="338173728" result="Passed" start-time="2019-10-28 18:55:12Z" end-time="2019-10-28 18:55:12Z" duration="0.000045" asserts="1" />
            <test-case id="1051" name="CompareCharactersCountTest(&quot;XZPQKBIWE&quot;,&quot;YTCADOJC&quot;,False)" fullname="Open_Lab_03._03.Tests.CompareCharactersCountTest(&quot;XZPQKBIWE&quot;,&quot;YTCADOJC&quot;,False)" methodname="CompareCharactersCountTest" classname="Open_Lab_03._03.Tests" runstate="Runnable" seed="294968984" result="Passed" start-time="2019-10-28 18:55:12Z" end-time="2019-10-28 18:55:12Z" duration="0.000042" asserts="1" />
            <test-case id="1052" name="CompareCharactersCountTest(&quot;DU&quot;,&quot;QYSN&quot;,False)" fullname="Open_Lab_03._03.Tests.CompareCharactersCountTest(&quot;DU&quot;,&quot;QYSN&quot;,False)" methodname="CompareCharactersCountTest" classname="Open_Lab_03._03.Tests" runstate="Runnable" seed="392040276" result="Passed" start-time="2019-10-28 18:55:12Z" end-time="2019-10-28 18:55:12Z" duration="0.000038" asserts="1" />
            <test-case id="1053" name="CompareCharactersCountTest(&quot;WLNC&quot;,&quot;LNZPZ&quot;,False)" fullname="Open_Lab_03._03.Tests.CompareCharactersCountTest(&quot;WLNC&quot;,&quot;LNZPZ&quot;,False)" methodname="CompareCharactersCountTest" classname="Open_Lab_03._03.Tests" runstate="Runnable" seed="1173695103" result="Passed" start-time="2019-10-28 18:55:12Z" end-time="2019-10-28 18:55:12Z" duration="0.000043" asserts="1" />
            <test-case id="1054" name="CompareCharactersCountTest(&quot;OMZ&quot;,&quot;DCKW&quot;,False)" fullname="Open_Lab_03._03.Tests.CompareCharactersCountTest(&quot;OMZ&quot;,&quot;DCKW&quot;,False)" methodname="CompareCharactersCountTest" classname="Open_Lab_03._03.Tests" runstate="Runnable" seed="1568894486" result="Passed" start-time="2019-10-28 18:55:12Z" end-time="2019-10-28 18:55:12Z" duration="0.000037" asserts="1" />
            <test-case id="1055" name="CompareCharactersCountTest(&quot;AZX&quot;,&quot;F&quot;,False)" fullname="Open_Lab_03._03.Tests.CompareCharactersCountTest(&quot;AZX&quot;,&quot;F&quot;,False)" methodname="CompareCharactersCountTest" classname="Open_Lab_03._03.Tests" runstate="Runnable" seed="131266644" result="Passed" start-time="2019-10-28 18:55:12Z" end-time="2019-10-28 18:55:12Z" duration="0.000038" asserts="1" />
            <test-case id="1056" name="CompareCharactersCountTest(&quot;VMHBXDX&quot;,&quot;HMKRVHOBN&quot;,False)" fullname="Open_Lab_03._03.Tests.CompareCharactersCountTest(&quot;VMHBXDX&quot;,&quot;HMKRVHOBN&quot;,False)" methodname="CompareCharactersCountTest" classname="Open_Lab_03._03.Tests" runstate="Runnable" seed="1127946579" result="Passed" start-time="2019-10-28 18:55:12Z" end-time="2019-10-28 18:55:12Z" duration="0.000048" asserts="1" />
            <test-case id="1057" name="CompareCharactersCountTest(&quot;MSJDR&quot;,&quot;NNVELTW&quot;,False)" fullname="Open_Lab_03._03.Tests.CompareCharactersCountTest(&quot;MSJDR&quot;,&quot;NNVELTW&quot;,False)" methodname="CompareCharactersCountTest" classname="Open_Lab_03._03.Tests" runstate="Runnable" seed="12872086" result="Passed" start-time="2019-10-28 18:55:12Z" end-time="2019-10-28 18:55:12Z" duration="0.000038" asserts="1" />
            <test-case id="1058" name="CompareCharactersCountTest(&quot;JMSMI&quot;,&quot;YMNQ&quot;,False)" fullname="Open_Lab_03._03.Tests.CompareCharactersCountTest(&quot;JMSMI&quot;,&quot;YMNQ&quot;,False)" methodname="CompareCharactersCountTest" classname="Open_Lab_03._03.Tests" runstate="Runnable" seed="1158101682" result="Passed" start-time="2019-10-28 18:55:12Z" end-time="2019-10-28 18:55:12Z" duration="0.000038" asserts="1" />
            <test-case id="1059" name="CompareCharactersCountTest(&quot;S&quot;,&quot;L&quot;,True)" fullname="Open_Lab_03._03.Tests.CompareCharactersCountTest(&quot;S&quot;,&quot;L&quot;,True)" methodname="CompareCharactersCountTest" classname="Open_Lab_03._03.Tests" runstate="Runnable" seed="1356048541" result="Passed" start-time="2019-10-28 18:55:12Z" end-time="2019-10-28 18:55:12Z" duration="0.000042" asserts="1" />
            <test-case id="1060" name="CompareCharactersCountTest(&quot;UZMKX&quot;,&quot;TAPRV&quot;,True)" fullname="Open_Lab_03._03.Tests.CompareCharactersCountTest(&quot;UZMKX&quot;,&quot;TAPRV&quot;,True)" methodname="CompareCharactersCountTest" classname="Open_Lab_03._03.Tests" runstate="Runnable" seed="1591632147" result="Passed" start-time="2019-10-28 18:55:12Z" end-time="2019-10-28 18:55:12Z" duration="0.000037" asserts="1" />
            <test-case id="1061" name="CompareCharactersCountTest(&quot;BYMNPWJ&quot;,&quot;MUWPEQM&quot;,True)" fullname="Open_Lab_03._03.Tests.CompareCharactersCountTest(&quot;BYMNPWJ&quot;,&quot;MUWPEQM&quot;,True)" methodname="CompareCharactersCountTest" classname="Open_Lab_03._03.Tests" runstate="Runnable" seed="1646968881" result="Passed" start-time="2019-10-28 18:55:12Z" end-time="2019-10-28 18:55:12Z" duration="0.000040" asserts="1" />
            <test-case id="1062" name="CompareCharactersCountTest(&quot;FQYCZFKLG&quot;,&quot;MQOIXBQ&quot;,False)" fullname="Open_Lab_03._03.Tests.CompareCharactersCountTest(&quot;FQYCZFKLG&quot;,&quot;MQOIXBQ&quot;,False)" methodname="CompareCharactersCountTest" classname="Open_Lab_03._03.Tests" runstate="Runnable" seed="1989806520" result="Passed" start-time="2019-10-28 18:55:12Z" end-time="2019-10-28 18:55:12Z" duration="0.000046" asserts="1" />
            <test-case id="1063" name="CompareCharactersCountTest(&quot;LODQY&quot;,&quot;VBCUY&quot;,True)" fullname="Open_Lab_03._03.Tests.CompareCharactersCountTest(&quot;LODQY&quot;,&quot;VBCUY&quot;,True)" methodname="CompareCharactersCountTest" classname="Open_Lab_03._03.Tests" runstate="Runnable" seed="1858195253" result="Passed" start-time="2019-10-28 18:55:12Z" end-time="2019-10-28 18:55:12Z" duration="0.000038" asserts="1" />
            <test-case id="1064" name="CompareCharactersCountTest(&quot;ULU&quot;,&quot;YK&quot;,False)" fullname="Open_Lab_03._03.Tests.CompareCharactersCountTest(&quot;ULU&quot;,&quot;YK&quot;,False)" methodname="CompareCharactersCountTest" classname="Open_Lab_03._03.Tests" runstate="Runnable" seed="438156828" result="Passed" start-time="2019-10-28 18:55:12Z" end-time="2019-10-28 18:55:12Z" duration="0.000043" asserts="1" />
            <test-case id="1065" name="CompareCharactersCountTest(&quot;&quot;,&quot;RO&quot;,False)" fullname="Open_Lab_03._03.Tests.CompareCharactersCountTest(&quot;&quot;,&quot;RO&quot;,False)" methodname="CompareCharactersCountTest" classname="Open_Lab_03._03.Tests" runstate="Runnable" seed="247816075" result="Passed" start-time="2019-10-28 18:55:12Z" end-time="2019-10-28 18:55:12Z" duration="0.000042" asserts="1" />
            <test-case id="1066" name="CompareCharactersCountTest(&quot;BHDGVEXU&quot;,&quot;YQFBKZOR&quot;,True)" fullname="Open_Lab_03._03.Tests.CompareCharactersCountTest(&quot;BHDGVEXU&quot;,&quot;YQFBKZOR&quot;,True)" methodname="CompareCharactersCountTest" classname="Open_Lab_03._03.Tests" runstate="Runnable" seed="590840496" result="Passed" start-time="2019-10-28 18:55:12Z" end-time="2019-10-28 18:55:12Z" duration="0.000037" asserts="1" />
            <test-case id="1067" name="CompareCharactersCountTest(&quot;W&quot;,&quot;&quot;,False)" fullname="Open_Lab_03._03.Tests.CompareCharactersCountTest(&quot;W&quot;,&quot;&quot;,False)" methodname="CompareCharactersCountTest" classname="Open_Lab_03._03.Tests" runstate="Runnable" seed="2007668350" result="Passed" start-time="2019-10-28 18:55:12Z" end-time="2019-10-28 18:55:12Z" duration="0.000043" asserts="1" />
            <test-case id="1068" name="CompareCharactersCountTest(&quot;BYRE&quot;,&quot;TJMZ&quot;,True)" fullname="Open_Lab_03._03.Tests.CompareCharactersCountTest(&quot;BYRE&quot;,&quot;TJMZ&quot;,True)" methodname="CompareCharactersCountTest" classname="Open_Lab_03._03.Tests" runstate="Runnable" seed="1872536898" result="Passed" start-time="2019-10-28 18:55:12Z" end-time="2019-10-28 18:55:12Z" duration="0.000042" asserts="1" />
            <test-case id="1069" name="CompareCharactersCountTest(&quot;WPACJVP&quot;,&quot;GXXDLROKK&quot;,False)" fullname="Open_Lab_03._03.Tests.CompareCharactersCountTest(&quot;WPACJVP&quot;,&quot;GXXDLROKK&quot;,False)" methodname="CompareCharactersCountTest" classname="Open_Lab_03._03.Tests" runstate="Runnable" seed="799754027" result="Passed" start-time="2019-10-28 18:55:12Z" end-time="2019-10-28 18:55:12Z" duration="0.000037" asserts="1" />
            <test-case id="1070" name="CompareCharactersCountTest(&quot;JTQRKCZIL&quot;,&quot;BBUKUFSIMJ&quot;,False)" fullname="Open_Lab_03._03.Tests.CompareCharactersCountTest(&quot;JTQRKCZIL&quot;,&quot;BBUKUFSIMJ&quot;,False)" methodname="CompareCharactersCountTest" classname="Open_Lab_03._03.Tests" runstate="Runnable" seed="131284468" result="Passed" start-time="2019-10-28 18:55:12Z" end-time="2019-10-28 18:55:12Z" duration="0.000042" asserts="1" />
            <test-case id="1071" name="CompareCharactersCountTest(&quot;WNUZNJPG&quot;,&quot;CUIKQQ&quot;,False)" fullname="Open_Lab_03._03.Tests.CompareCharactersCountTest(&quot;WNUZNJPG&quot;,&quot;CUIKQQ&quot;,False)" methodname="CompareCharactersCountTest" classname="Open_Lab_03._03.Tests" runstate="Runnable" seed="472103177" result="Passed" start-time="2019-10-28 18:55:12Z" end-time="2019-10-28 18:55:12Z" duration="0.000042" asserts="1" />
            <test-case id="1072" name="CompareCharactersCountTest(&quot;&quot;,&quot;&quot;,True)" fullname="Open_Lab_03._03.Tests.CompareCharactersCountTest(&quot;&quot;,&quot;&quot;,True)" methodname="CompareCharactersCountTest" classname="Open_Lab_03._03.Tests" runstate="Runnable" seed="1429092598" result="Passed" start-time="2019-10-28 18:55:12Z" end-time="2019-10-28 18:55:12Z" duration="0.000037" asserts="1" />
            <test-case id="1073" name="CompareCharactersCountTest(&quot;Y&quot;,&quot;&quot;,False)" fullname="Open_Lab_03._03.Tests.CompareCharactersCountTest(&quot;Y&quot;,&quot;&quot;,False)" methodname="CompareCharactersCountTest" classname="Open_Lab_03._03.Tests" runstate="Runnable" seed="2021840536" result="Passed" start-time="2019-10-28 18:55:12Z" end-time="2019-10-28 18:55:12Z" duration="0.000042" asserts="1" />
            <test-case id="1074" name="CompareCharactersCountTest(&quot;&quot;,&quot;&quot;,True)" fullname="Open_Lab_03._03.Tests.CompareCharactersCountTest(&quot;&quot;,&quot;&quot;,True)" methodname="CompareCharactersCountTest" classname="Open_Lab_03._03.Tests" runstate="Runnable" seed="235219553" result="Passed" start-time="2019-10-28 18:55:12Z" end-time="2019-10-28 18:55:12Z" duration="0.000044" asserts="1" />
            <test-case id="1075" name="CompareCharactersCountTest(&quot;EDN&quot;,&quot;IGZ&quot;,True)" fullname="Open_Lab_03._03.Tests.CompareCharactersCountTest(&quot;EDN&quot;,&quot;IGZ&quot;,True)" methodname="CompareCharactersCountTest" classname="Open_Lab_03._03.Tests" runstate="Runnable" seed="370632320" result="Passed" start-time="2019-10-28 18:55:12Z" end-time="2019-10-28 18:55:12Z" duration="0.000038" asserts="1" />
            <test-case id="1076" name="CompareCharactersCountTest(&quot;BC&quot;,&quot;RNFW&quot;,False)" fullname="Open_Lab_03._03.Tests.CompareCharactersCountTest(&quot;BC&quot;,&quot;RNFW&quot;,False)" methodname="CompareCharactersCountTest" classname="Open_Lab_03._03.Tests" runstate="Runnable" seed="1576763320" result="Passed" start-time="2019-10-28 18:55:12Z" end-time="2019-10-28 18:55:12Z" duration="0.000048" asserts="1" />
            <test-case id="1077" name="CompareCharactersCountTest(&quot;SKBIGTJ&quot;,&quot;TEEKDHLUE&quot;,False)" fullname="Open_Lab_03._03.Tests.CompareCharactersCountTest(&quot;SKBIGTJ&quot;,&quot;TEEKDHLUE&quot;,False)" methodname="CompareCharactersCountTest" classname="Open_Lab_03._03.Tests" runstate="Runnable" seed="1968991805" result="Passed" start-time="2019-10-28 18:55:12Z" end-time="2019-10-28 18:55:12Z" duration="0.000044" asserts="1" />
            <test-case id="1078" name="CompareCharactersCountTest(&quot;PVAA&quot;,&quot;JHWXHH&quot;,False)" fullname="Open_Lab_03._03.Tests.CompareCharactersCountTest(&quot;PVAA&quot;,&quot;JHWXHH&quot;,False)" methodname="CompareCharactersCountTest" classname="Open_Lab_03._03.Tests" runstate="Runnable" seed="1589483218" result="Passed" start-time="2019-10-28 18:55:12Z" end-time="2019-10-28 18:55:12Z" duration="0.000037" asserts="1" />
            <test-case id="1079" name="CompareCharactersCountTest(&quot;ULMIFSZBH&quot;,&quot;LTTDBOC&quot;,False)" fullname="Open_Lab_03._03.Tests.CompareCharactersCountTest(&quot;ULMIFSZBH&quot;,&quot;LTTDBOC&quot;,False)" methodname="CompareCharactersCountTest" classname="Open_Lab_03._03.Tests" runstate="Runnable" seed="1623318884" result="Passed" start-time="2019-10-28 18:55:12Z" end-time="2019-10-28 18:55:12Z" duration="0.000042" asserts="1" />
            <test-case id="1080" name="CompareCharactersCountTest(&quot;INAGGW&quot;,&quot;WSAULJM&quot;,False)" fullname="Open_Lab_03._03.Tests.CompareCharactersCountTest(&quot;INAGGW&quot;,&quot;WSAULJM&quot;,False)" methodname="CompareCharactersCountTest" classname="Open_Lab_03._03.Tests" runstate="Runnable" seed="894951763" result="Passed" start-time="2019-10-28 18:55:12Z" end-time="2019-10-28 18:55:12Z" duration="0.000042" asserts="1" />
            <test-case id="1081" name="CompareCharactersCountTest(&quot;&quot;,&quot;B&quot;,False)" fullname="Open_Lab_03._03.Tests.CompareCharactersCountTest(&quot;&quot;,&quot;B&quot;,False)" methodname="CompareCharactersCountTest" classname="Open_Lab_03._03.Tests" runstate="Runnable" seed="1240095764" result="Passed" start-time="2019-10-28 18:55:12Z" end-time="2019-10-28 18:55:12Z" duration="0.000039" asserts="1" />
            <test-case id="1082" name="CompareCharactersCountTest(&quot;RZGB&quot;,&quot;ELREBG&quot;,False)" fullname="Open_Lab_03._03.Tests.CompareCharactersCountTest(&quot;RZGB&quot;,&quot;ELREBG&quot;,False)" methodname="CompareCharactersCountTest" classname="Open_Lab_03._03.Tests" runstate="Runnable" seed="1013055236" result="Passed" start-time="2019-10-28 18:55:12Z" end-time="2019-10-28 18:55:12Z" duration="0.000043" asserts="1" />
            <test-case id="1083" name="CompareCharactersCountTest(&quot;SUGRZMCO&quot;,&quot;EPMNRFQ&quot;,False)" fullname="Open_Lab_03._03.Tests.CompareCharactersCountTest(&quot;SUGRZMCO&quot;,&quot;EPMNRFQ&quot;,False)" methodname="CompareCharactersCountTest" classname="Open_Lab_03._03.Tests" runstate="Runnable" seed="1662637085" result="Passed" start-time="2019-10-28 18:55:12Z" end-time="2019-10-28 18:55:12Z" duration="0.000042" asserts="1" />
            <test-case id="1084" name="CompareCharactersCountTest(&quot;RACQPKQJG&quot;,&quot;IPOCUPUTBQ&quot;,False)" fullname="Open_Lab_03._03.Tests.CompareCharactersCountTest(&quot;RACQPKQJG&quot;,&quot;IPOCUPUTBQ&quot;,False)" methodname="CompareCharactersCountTest" classname="Open_Lab_03._03.Tests" runstate="Runnable" seed="1209935924" result="Passed" start-time="2019-10-28 18:55:12Z" end-time="2019-10-28 18:55:12Z" duration="0.000038" asserts="1" />
            <test-case id="1085" name="CompareCharactersCountTest(&quot;&quot;,&quot;C&quot;,False)" fullname="Open_Lab_03._03.Tests.CompareCharactersCountTest(&quot;&quot;,&quot;C&quot;,False)" methodname="CompareCharactersCountTest" classname="Open_Lab_03._03.Tests" runstate="Runnable" seed="625950489" result="Passed" start-time="2019-10-28 18:55:12Z" end-time="2019-10-28 18:55:12Z" duration="0.000043" asserts="1" />
            <test-case id="1086" name="CompareCharactersCountTest(&quot;WU&quot;,&quot;BNSJ&quot;,False)" fullname="Open_Lab_03._03.Tests.CompareCharactersCountTest(&quot;WU&quot;,&quot;BNSJ&quot;,False)" methodname="CompareCharactersCountTest" classname="Open_Lab_03._03.Tests" runstate="Runnable" seed="587395681" result="Passed" start-time="2019-10-28 18:55:12Z" end-time="2019-10-28 18:55:12Z" duration="0.000044" asserts="1" />
            <test-case id="1087" name="CompareCharactersCountTest(&quot;TFKGVQDKQ&quot;,&quot;ISENZCVWSY&quot;,False)" fullname="Open_Lab_03._03.Tests.CompareCharactersCountTest(&quot;TFKGVQDKQ&quot;,&quot;ISENZCVWSY&quot;,False)" methodname="CompareCharactersCountTest" classname="Open_Lab_03._03.Tests" runstate="Runnable" seed="1700446789" result="Passed" start-time="2019-10-28 18:55:12Z" end-time="2019-10-28 18:55:12Z" duration="0.000039" asserts="1" />
            <test-case id="1088" name="CompareCharactersCountTest(&quot;W&quot;,&quot;EPT&quot;,False)" fullname="Open_Lab_03._03.Tests.CompareCharactersCountTest(&quot;W&quot;,&quot;EPT&quot;,False)" methodname="CompareCharactersCountTest" classname="Open_Lab_03._03.Tests" runstate="Runnable" seed="530903795" result="Passed" start-time="2019-10-28 18:55:12Z" end-time="2019-10-28 18:55:12Z" duration="0.000043" asserts="1" />
            <test-case id="1089" name="CompareCharactersCountTest(&quot;U&quot;,&quot;JD&quot;,False)" fullname="Open_Lab_03._03.Tests.CompareCharactersCountTest(&quot;U&quot;,&quot;JD&quot;,False)" methodname="CompareCharactersCountTest" classname="Open_Lab_03._03.Tests" runstate="Runnable" seed="728634197" result="Passed" start-time="2019-10-28 18:55:12Z" end-time="2019-10-28 18:55:12Z" duration="0.000037" asserts="1" />
            <test-case id="1090" name="CompareCharactersCountTest(&quot;IUVWKI&quot;,&quot;ZCXGMMJC&quot;,False)" fullname="Open_Lab_03._03.Tests.CompareCharactersCountTest(&quot;IUVWKI&quot;,&quot;ZCXGMMJC&quot;,False)" methodname="CompareCharactersCountTest" classname="Open_Lab_03._03.Tests" runstate="Runnable" seed="338013520" result="Passed" start-time="2019-10-28 18:55:12Z" end-time="2019-10-28 18:55:12Z" duration="0.000037" asserts="1" />
            <test-case id="1091" name="CompareCharactersCountTest(&quot;SGQA&quot;,&quot;LVUWAU&quot;,False)" fullname="Open_Lab_03._03.Tests.CompareCharactersCountTest(&quot;SGQA&quot;,&quot;LVUWAU&quot;,False)" methodname="CompareCharactersCountTest" classname="Open_Lab_03._03.Tests" runstate="Runnable" seed="1184538149" result="Passed" start-time="2019-10-28 18:55:12Z" end-time="2019-10-28 18:55:12Z" duration="0.000042" asserts="1" />
            <test-case id="1092" name="CompareCharactersCountTest(&quot;WJAMR&quot;,&quot;WVTEFK&quot;,False)" fullname="Open_Lab_03._03.Tests.CompareCharactersCountTest(&quot;WJAMR&quot;,&quot;WVTEFK&quot;,False)" methodname="CompareCharactersCountTest" classname="Open_Lab_03._03.Tests" runstate="Runnable" seed="384598734" result="Passed" start-time="2019-10-28 18:55:12Z" end-time="2019-10-28 18:55:12Z" duration="0.000037" asserts="1" />
            <test-case id="1093" name="CompareCharactersCountTest(&quot;WGTKS&quot;,&quot;FRSXBC&quot;,False)" fullname="Open_Lab_03._03.Tests.CompareCharactersCountTest(&quot;WGTKS&quot;,&quot;FRSXBC&quot;,False)" methodname="CompareCharactersCountTest" classname="Open_Lab_03._03.Tests" runstate="Runnable" seed="1862164986" result="Passed" start-time="2019-10-28 18:55:12Z" end-time="2019-10-28 18:55:12Z" duration="0.000038" asserts="1" />
            <test-case id="1094" name="CompareCharactersCountTest(&quot;LNZY&quot;,&quot;VPVHG&quot;,False)" fullname="Open_Lab_03._03.Tests.CompareCharactersCountTest(&quot;LNZY&quot;,&quot;VPVHG&quot;,False)" methodname="CompareCharactersCountTest" classname="Open_Lab_03._03.Tests" runstate="Runnable" seed="1844518318" result="Passed" start-time="2019-10-28 18:55:12Z" end-time="2019-10-28 18:55:12Z" duration="0.000042" asserts="1" />
            <test-case id="1095" name="CompareCharactersCountTest(&quot;ZUNGR&quot;,&quot;SMWC&quot;,False)" fullname="Open_Lab_03._03.Tests.CompareCharactersCountTest(&quot;ZUNGR&quot;,&quot;SMWC&quot;,False)" methodname="CompareCharactersCountTest" classname="Open_Lab_03._03.Tests" runstate="Runnable" seed="403102093" result="Passed" start-time="2019-10-28 18:55:12Z" end-time="2019-10-28 18:55:12Z" duration="0.000037" asserts="1" />
            <test-case id="1096" name="CompareCharactersCountTest(&quot;PB&quot;,&quot;MI&quot;,True)" fullname="Open_Lab_03._03.Tests.CompareCharactersCountTest(&quot;PB&quot;,&quot;MI&quot;,True)" methodname="CompareCharactersCountTest" classname="Open_Lab_03._03.Tests" runstate="Runnable" seed="1196691998" result="Passed" start-time="2019-10-28 18:55:12Z" end-time="2019-10-28 18:55:12Z" duration="0.000039" asserts="1" />
            <test-case id="1097" name="CompareCharactersCountTest(&quot;ZYHYA&quot;,&quot;BLITFJU&quot;,False)" fullname="Open_Lab_03._03.Tests.CompareCharactersCountTest(&quot;ZYHYA&quot;,&quot;BLITFJU&quot;,False)" methodname="CompareCharactersCountTest" classname="Open_Lab_03._03.Tests" runstate="Runnable" seed="707115019" result="Passed" start-time="2019-10-28 18:55:12Z" end-time="2019-10-28 18:55:12Z" duration="0.000043" asserts="1" />
            <test-case id="1098" name="CompareCharactersCountTest(&quot;PSOKYSK&quot;,&quot;AFOGKJV&quot;,True)" fullname="Open_Lab_03._03.Tests.CompareCharactersCountTest(&quot;PSOKYSK&quot;,&quot;AFOGKJV&quot;,True)" methodname="CompareCharactersCountTest" classname="Open_Lab_03._03.Tests" runstate="Runnable" seed="1977232639" result="Passed" start-time="2019-10-28 18:55:12Z" end-time="2019-10-28 18:55:12Z" duration="0.000047" asserts="1" />
            <test-case id="1099" name="CompareCharactersCountTest(&quot;LNAZIHFHZ&quot;,&quot;SCYYMDBKVZ&quot;,False)" fullname="Open_Lab_03._03.Tests.CompareCharactersCountTest(&quot;LNAZIHFHZ&quot;,&quot;SCYYMDBKVZ&quot;,False)" methodname="CompareCharactersCountTest" classname="Open_Lab_03._03.Tests" runstate="Runnable" seed="1626612309" result="Passed" start-time="2019-10-28 18:55:12Z" end-time="2019-10-28 18:55:12Z" duration="0.000039" asserts="1" />
            <test-case id="1100" name="CompareCharactersCountTest(&quot;CJXLYTSR&quot;,&quot;QSPKVUVU&quot;,True)" fullname="Open_Lab_03._03.Tests.CompareCharactersCountTest(&quot;CJXLYTSR&quot;,&quot;QSPKVUVU&quot;,True)" methodname="CompareCharactersCountTest" classname="Open_Lab_03._03.Tests" runstate="Runnable" seed="1881953193" result="Passed" start-time="2019-10-28 18:55:12Z" end-time="2019-10-28 18:55:12Z" duration="0.000043" asserts="1" />
          </test-suite>
        </test-suite>
      </test-suite>
    </test-suite>
  </test-suite>
</test-run>