<?xml version="1.0" encoding="utf-8"?>
<test-run id="2" name="Open-Lab-03.04.dll" fullname="C:/Users/Spravca/source/OpenLab-Ulohy/Open-Lab-03.04/Open-Lab-03.04/bin/Debug/netcoreapp3.0/Open-Lab-03.04.dll" testcasecount="100" result="Passed" start-time="2019-10-28 20:08:07Z" end-time="2019-10-28 20:08:07Z" duration="0.036928" total="100" passed="100" failed="0" inconclusive="0" skipped="0" asserts="100" random-seed="1031343392">
  <command-line><![CDATA[C:\Users\Spravca\source\OpenLab-Ulohy\Open-Lab-03.04\Open-Lab-03.04\bin\Debug\netcoreapp3.0\Open-Lab-03.04.dll]]></command-line>
  <filter />
  <test-suite type="Assembly" id="1102" name="Open-Lab-03.04.dll" fullname="C:/Users/Spravca/source/OpenLab-Ulohy/Open-Lab-03.04/Open-Lab-03.04/bin/Debug/netcoreapp3.0/Open-Lab-03.04.dll" runstate="Runnable" testcasecount="100" result="Passed" start-time="2019-10-28 20:08:07Z" end-time="2019-10-28 20:08:07Z" duration="0.036928" total="100" passed="100" failed="0" warnings="0" inconclusive="0" skipped="0" asserts="100">
    <environment framework-version="3.12.0.0" clr-version="3.0.0" os-version="Microsoft Windows 10.0.18362" platform="Win32NT" cwd="C:\Users\Spravca\source\OpenLab-Ulohy\Open-Lab-03.04\Open-Lab-03.04\bin\Debug\netcoreapp3.0" machine-name="DOMACI" user="Spravca" user-domain="DOMACI" culture="sk-SK" uiculture="sk-SK" os-architecture="x64" />
    <settings>
      <setting name="WorkDirectory" value="C:\Users\Spravca\source\OpenLab-Ulohy\Open-Lab-03.04\Open-Lab-03.04\bin\Debug\netcoreapp3.0" />
      <setting name="NumberOfTestWorkers" value="12" />
    </settings>
    <properties>
      <property name="_PID" value="13448" />
      <property name="_APPDOMAIN" value="Open-Lab-03.04" />
    </properties>
    <test-suite type="TestSuite" id="1103" name="Open_Lab_03" fullname="Open_Lab_03" runstate="Runnable" testcasecount="100" result="Passed" start-time="2019-10-28 20:08:07Z" end-time="2019-10-28 20:08:07Z" duration="0.029434" total="100" passed="100" failed="0" warnings="0" inconclusive="0" skipped="0" asserts="100">
      <test-suite type="TestSuite" id="1104" name="_04" fullname="Open_Lab_03._04" runstate="Runnable" testcasecount="100" result="Passed" start-time="2019-10-28 20:08:07Z" end-time="2019-10-28 20:08:07Z" duration="0.029092" total="100" passed="100" failed="0" warnings="0" inconclusive="0" skipped="0" asserts="100">
        <test-suite type="TestFixture" id="1000" name="Tests" fullname="Open_Lab_03._04.Tests" classname="Open_Lab_03._04.Tests" runstate="Runnable" testcasecount="100" result="Passed" start-time="2019-10-28 20:08:07Z" end-time="2019-10-28 20:08:07Z" duration="0.027141" total="100" passed="100" failed="0" warnings="0" inconclusive="0" skipped="0" asserts="100">
          <test-suite type="ParameterizedMethod" id="1101" name="EvenOrOddTest" fullname="Open_Lab_03._04.Tests.EvenOrOddTest" classname="Open_Lab_03._04.Tests" runstate="Runnable" testcasecount="100" result="Passed" start-time="2019-10-28 20:08:07Z" end-time="2019-10-28 20:08:07Z" duration="0.020967" total="100" passed="100" failed="0" warnings="0" inconclusive="0" skipped="0" asserts="100">
            <test-case id="1001" name="EvenOrOddTest(3,&quot;odd&quot;)" fullname="Open_Lab_03._04.Tests.EvenOrOddTest(3,&quot;odd&quot;)" methodname="EvenOrOddTest" classname="Open_Lab_03._04.Tests" runstate="Runnable" seed="385741754" result="Passed" start-time="2019-10-28 20:08:07Z" end-time="2019-10-28 20:08:07Z" duration="0.011878" asserts="1" />
            <test-case id="1002" name="EvenOrOddTest(19,&quot;odd&quot;)" fullname="Open_Lab_03._04.Tests.EvenOrOddTest(19,&quot;odd&quot;)" methodname="EvenOrOddTest" classname="Open_Lab_03._04.Tests" runstate="Runnable" seed="250275629" result="Passed" start-time="2019-10-28 20:08:07Z" end-time="2019-10-28 20:08:07Z" duration="0.000120" asserts="1" />
            <test-case id="1003" name="EvenOrOddTest(146,&quot;even&quot;)" fullname="Open_Lab_03._04.Tests.EvenOrOddTest(146,&quot;even&quot;)" methodname="EvenOrOddTest" classname="Open_Lab_03._04.Tests" runstate="Runnable" seed="945600808" result="Passed" start-time="2019-10-28 20:08:07Z" end-time="2019-10-28 20:08:07Z" duration="0.000033" asserts="1" />
            <test-case id="1004" name="EvenOrOddTest(352549,&quot;odd&quot;)" fullname="Open_Lab_03._04.Tests.EvenOrOddTest(352549,&quot;odd&quot;)" methodname="EvenOrOddTest" classname="Open_Lab_03._04.Tests" runstate="Runnable" seed="1995839991" result="Passed" start-time="2019-10-28 20:08:07Z" end-time="2019-10-28 20:08:07Z" duration="0.000058" asserts="1" />
            <test-case id="1005" name="EvenOrOddTest(23710,&quot;even&quot;)" fullname="Open_Lab_03._04.Tests.EvenOrOddTest(23710,&quot;even&quot;)" methodname="EvenOrOddTest" classname="Open_Lab_03._04.Tests" runstate="Runnable" seed="1296244580" result="Passed" start-time="2019-10-28 20:08:07Z" end-time="2019-10-28 20:08:07Z" duration="0.000028" asserts="1" />
            <test-case id="1006" name="EvenOrOddTest(714662,&quot;even&quot;)" fullname="Open_Lab_03._04.Tests.EvenOrOddTest(714662,&quot;even&quot;)" methodname="EvenOrOddTest" classname="Open_Lab_03._04.Tests" runstate="Runnable" seed="1547774488" result="Passed" start-time="2019-10-28 20:08:07Z" end-time="2019-10-28 20:08:07Z" duration="0.000027" asserts="1" />
            <test-case id="1007" name="EvenOrOddTest(993686,&quot;even&quot;)" fullname="Open_Lab_03._04.Tests.EvenOrOddTest(993686,&quot;even&quot;)" methodname="EvenOrOddTest" classname="Open_Lab_03._04.Tests" runstate="Runnable" seed="1568183444" result="Passed" start-time="2019-10-28 20:08:07Z" end-time="2019-10-28 20:08:07Z" duration="0.000029" asserts="1" />
            <test-case id="1008" name="EvenOrOddTest(11283,&quot;odd&quot;)" fullname="Open_Lab_03._04.Tests.EvenOrOddTest(11283,&quot;odd&quot;)" methodname="EvenOrOddTest" classname="Open_Lab_03._04.Tests" runstate="Runnable" seed="717569419" result="Passed" start-time="2019-10-28 20:08:07Z" end-time="2019-10-28 20:08:07Z" duration="0.000026" asserts="1" />
            <test-case id="1009" name="EvenOrOddTest(388553,&quot;odd&quot;)" fullname="Open_Lab_03._04.Tests.EvenOrOddTest(388553,&quot;odd&quot;)" methodname="EvenOrOddTest" classname="Open_Lab_03._04.Tests" runstate="Runnable" seed="208421385" result="Passed" start-time="2019-10-28 20:08:07Z" end-time="2019-10-28 20:08:07Z" duration="0.000030" asserts="1" />
            <test-case id="1010" name="EvenOrOddTest(418216,&quot;even&quot;)" fullname="Open_Lab_03._04.Tests.EvenOrOddTest(418216,&quot;even&quot;)" methodname="EvenOrOddTest" classname="Open_Lab_03._04.Tests" runstate="Runnable" seed="605630455" result="Passed" start-time="2019-10-28 20:08:07Z" end-time="2019-10-28 20:08:07Z" duration="0.000024" asserts="1" />
            <test-case id="1011" name="EvenOrOddTest(468428,&quot;even&quot;)" fullname="Open_Lab_03._04.Tests.EvenOrOddTest(468428,&quot;even&quot;)" methodname="EvenOrOddTest" classname="Open_Lab_03._04.Tests" runstate="Runnable" seed="1573094901" result="Passed" start-time="2019-10-28 20:08:07Z" end-time="2019-10-28 20:08:07Z" duration="0.000060" asserts="1" />
            <test-case id="1012" name="EvenOrOddTest(390228,&quot;even&quot;)" fullname="Open_Lab_03._04.Tests.EvenOrOddTest(390228,&quot;even&quot;)" methodname="EvenOrOddTest" classname="Open_Lab_03._04.Tests" runstate="Runnable" seed="1117515889" result="Passed" start-time="2019-10-28 20:08:07Z" end-time="2019-10-28 20:08:07Z" duration="0.000045" asserts="1" />
            <test-case id="1013" name="EvenOrOddTest(390961,&quot;odd&quot;)" fullname="Open_Lab_03._04.Tests.EvenOrOddTest(390961,&quot;odd&quot;)" methodname="EvenOrOddTest" classname="Open_Lab_03._04.Tests" runstate="Runnable" seed="1394861048" result="Passed" start-time="2019-10-28 20:08:07Z" end-time="2019-10-28 20:08:07Z" duration="0.000038" asserts="1" />
            <test-case id="1014" name="EvenOrOddTest(832691,&quot;odd&quot;)" fullname="Open_Lab_03._04.Tests.EvenOrOddTest(832691,&quot;odd&quot;)" methodname="EvenOrOddTest" classname="Open_Lab_03._04.Tests" runstate="Runnable" seed="1792441880" result="Passed" start-time="2019-10-28 20:08:07Z" end-time="2019-10-28 20:08:07Z" duration="0.000042" asserts="1" />
            <test-case id="1015" name="EvenOrOddTest(330457,&quot;odd&quot;)" fullname="Open_Lab_03._04.Tests.EvenOrOddTest(330457,&quot;odd&quot;)" methodname="EvenOrOddTest" classname="Open_Lab_03._04.Tests" runstate="Runnable" seed="1276499198" result="Passed" start-time="2019-10-28 20:08:07Z" end-time="2019-10-28 20:08:07Z" duration="0.000038" asserts="1" />
            <test-case id="1016" name="EvenOrOddTest(631034,&quot;even&quot;)" fullname="Open_Lab_03._04.Tests.EvenOrOddTest(631034,&quot;even&quot;)" methodname="EvenOrOddTest" classname="Open_Lab_03._04.Tests" runstate="Runnable" seed="1735950066" result="Passed" start-time="2019-10-28 20:08:07Z" end-time="2019-10-28 20:08:07Z" duration="0.000054" asserts="1" />
            <test-case id="1017" name="EvenOrOddTest(83805,&quot;odd&quot;)" fullname="Open_Lab_03._04.Tests.EvenOrOddTest(83805,&quot;odd&quot;)" methodname="EvenOrOddTest" classname="Open_Lab_03._04.Tests" runstate="Runnable" seed="457368068" result="Passed" start-time="2019-10-28 20:08:07Z" end-time="2019-10-28 20:08:07Z" duration="0.000028" asserts="1" />
            <test-case id="1018" name="EvenOrOddTest(400539,&quot;odd&quot;)" fullname="Open_Lab_03._04.Tests.EvenOrOddTest(400539,&quot;odd&quot;)" methodname="EvenOrOddTest" classname="Open_Lab_03._04.Tests" runstate="Runnable" seed="1278991209" result="Passed" start-time="2019-10-28 20:08:07Z" end-time="2019-10-28 20:08:07Z" duration="0.000028" asserts="1" />
            <test-case id="1019" name="EvenOrOddTest(710406,&quot;even&quot;)" fullname="Open_Lab_03._04.Tests.EvenOrOddTest(710406,&quot;even&quot;)" methodname="EvenOrOddTest" classname="Open_Lab_03._04.Tests" runstate="Runnable" seed="880229014" result="Passed" start-time="2019-10-28 20:08:07Z" end-time="2019-10-28 20:08:07Z" duration="0.000064" asserts="1" />
            <test-case id="1020" name="EvenOrOddTest(132292,&quot;even&quot;)" fullname="Open_Lab_03._04.Tests.EvenOrOddTest(132292,&quot;even&quot;)" methodname="EvenOrOddTest" classname="Open_Lab_03._04.Tests" runstate="Runnable" seed="1883097874" result="Passed" start-time="2019-10-28 20:08:07Z" end-time="2019-10-28 20:08:07Z" duration="0.000029" asserts="1" />
            <test-case id="1021" name="EvenOrOddTest(695058,&quot;even&quot;)" fullname="Open_Lab_03._04.Tests.EvenOrOddTest(695058,&quot;even&quot;)" methodname="EvenOrOddTest" classname="Open_Lab_03._04.Tests" runstate="Runnable" seed="1327421562" result="Passed" start-time="2019-10-28 20:08:07Z" end-time="2019-10-28 20:08:07Z" duration="0.000058" asserts="1" />
            <test-case id="1022" name="EvenOrOddTest(753778,&quot;even&quot;)" fullname="Open_Lab_03._04.Tests.EvenOrOddTest(753778,&quot;even&quot;)" methodname="EvenOrOddTest" classname="Open_Lab_03._04.Tests" runstate="Runnable" seed="1587910524" result="Passed" start-time="2019-10-28 20:08:07Z" end-time="2019-10-28 20:08:07Z" duration="0.000027" asserts="1" />
            <test-case id="1023" name="EvenOrOddTest(559780,&quot;even&quot;)" fullname="Open_Lab_03._04.Tests.EvenOrOddTest(559780,&quot;even&quot;)" methodname="EvenOrOddTest" classname="Open_Lab_03._04.Tests" runstate="Runnable" seed="2147464973" result="Passed" start-time="2019-10-28 20:08:07Z" end-time="2019-10-28 20:08:07Z" duration="0.000056" asserts="1" />
            <test-case id="1024" name="EvenOrOddTest(472683,&quot;odd&quot;)" fullname="Open_Lab_03._04.Tests.EvenOrOddTest(472683,&quot;odd&quot;)" methodname="EvenOrOddTest" classname="Open_Lab_03._04.Tests" runstate="Runnable" seed="501163016" result="Passed" start-time="2019-10-28 20:08:07Z" end-time="2019-10-28 20:08:07Z" duration="0.000060" asserts="1" />
            <test-case id="1025" name="EvenOrOddTest(842002,&quot;even&quot;)" fullname="Open_Lab_03._04.Tests.EvenOrOddTest(842002,&quot;even&quot;)" methodname="EvenOrOddTest" classname="Open_Lab_03._04.Tests" runstate="Runnable" seed="397617257" result="Passed" start-time="2019-10-28 20:08:07Z" end-time="2019-10-28 20:08:07Z" duration="0.000046" asserts="1" />
            <test-case id="1026" name="EvenOrOddTest(40716,&quot;even&quot;)" fullname="Open_Lab_03._04.Tests.EvenOrOddTest(40716,&quot;even&quot;)" methodname="EvenOrOddTest" classname="Open_Lab_03._04.Tests" runstate="Runnable" seed="568780568" result="Passed" start-time="2019-10-28 20:08:07Z" end-time="2019-10-28 20:08:07Z" duration="0.000058" asserts="1" />
            <test-case id="1027" name="EvenOrOddTest(696274,&quot;even&quot;)" fullname="Open_Lab_03._04.Tests.EvenOrOddTest(696274,&quot;even&quot;)" methodname="EvenOrOddTest" classname="Open_Lab_03._04.Tests" runstate="Runnable" seed="2026377355" result="Passed" start-time="2019-10-28 20:08:07Z" end-time="2019-10-28 20:08:07Z" duration="0.000028" asserts="1" />
            <test-case id="1028" name="EvenOrOddTest(126956,&quot;even&quot;)" fullname="Open_Lab_03._04.Tests.EvenOrOddTest(126956,&quot;even&quot;)" methodname="EvenOrOddTest" classname="Open_Lab_03._04.Tests" runstate="Runnable" seed="2027403991" result="Passed" start-time="2019-10-28 20:08:07Z" end-time="2019-10-28 20:08:07Z" duration="0.000057" asserts="1" />
            <test-case id="1029" name="EvenOrOddTest(870204,&quot;even&quot;)" fullname="Open_Lab_03._04.Tests.EvenOrOddTest(870204,&quot;even&quot;)" methodname="EvenOrOddTest" classname="Open_Lab_03._04.Tests" runstate="Runnable" seed="1390659281" result="Passed" start-time="2019-10-28 20:08:07Z" end-time="2019-10-28 20:08:07Z" duration="0.000049" asserts="1" />
            <test-case id="1030" name="EvenOrOddTest(843356,&quot;even&quot;)" fullname="Open_Lab_03._04.Tests.EvenOrOddTest(843356,&quot;even&quot;)" methodname="EvenOrOddTest" classname="Open_Lab_03._04.Tests" runstate="Runnable" seed="135107302" result="Passed" start-time="2019-10-28 20:08:07Z" end-time="2019-10-28 20:08:07Z" duration="0.000052" asserts="1" />
            <test-case id="1031" name="EvenOrOddTest(616027,&quot;odd&quot;)" fullname="Open_Lab_03._04.Tests.EvenOrOddTest(616027,&quot;odd&quot;)" methodname="EvenOrOddTest" classname="Open_Lab_03._04.Tests" runstate="Runnable" seed="392233901" result="Passed" start-time="2019-10-28 20:08:07Z" end-time="2019-10-28 20:08:07Z" duration="0.000033" asserts="1" />
            <test-case id="1032" name="EvenOrOddTest(50509,&quot;odd&quot;)" fullname="Open_Lab_03._04.Tests.EvenOrOddTest(50509,&quot;odd&quot;)" methodname="EvenOrOddTest" classname="Open_Lab_03._04.Tests" runstate="Runnable" seed="691328881" result="Passed" start-time="2019-10-28 20:08:07Z" end-time="2019-10-28 20:08:07Z" duration="0.000026" asserts="1" />
            <test-case id="1033" name="EvenOrOddTest(801227,&quot;odd&quot;)" fullname="Open_Lab_03._04.Tests.EvenOrOddTest(801227,&quot;odd&quot;)" methodname="EvenOrOddTest" classname="Open_Lab_03._04.Tests" runstate="Runnable" seed="1161990423" result="Passed" start-time="2019-10-28 20:08:07Z" end-time="2019-10-28 20:08:07Z" duration="0.000029" asserts="1" />
            <test-case id="1034" name="EvenOrOddTest(908002,&quot;even&quot;)" fullname="Open_Lab_03._04.Tests.EvenOrOddTest(908002,&quot;even&quot;)" methodname="EvenOrOddTest" classname="Open_Lab_03._04.Tests" runstate="Runnable" seed="524193209" result="Passed" start-time="2019-10-28 20:08:07Z" end-time="2019-10-28 20:08:07Z" duration="0.000040" asserts="1" />
            <test-case id="1035" name="EvenOrOddTest(125855,&quot;odd&quot;)" fullname="Open_Lab_03._04.Tests.EvenOrOddTest(125855,&quot;odd&quot;)" methodname="EvenOrOddTest" classname="Open_Lab_03._04.Tests" runstate="Runnable" seed="1560799201" result="Passed" start-time="2019-10-28 20:08:07Z" end-time="2019-10-28 20:08:07Z" duration="0.000027" asserts="1" />
            <test-case id="1036" name="EvenOrOddTest(26886,&quot;even&quot;)" fullname="Open_Lab_03._04.Tests.EvenOrOddTest(26886,&quot;even&quot;)" methodname="EvenOrOddTest" classname="Open_Lab_03._04.Tests" runstate="Runnable" seed="2045259190" result="Passed" start-time="2019-10-28 20:08:07Z" end-time="2019-10-28 20:08:07Z" duration="0.000067" asserts="1" />
            <test-case id="1037" name="EvenOrOddTest(625493,&quot;odd&quot;)" fullname="Open_Lab_03._04.Tests.EvenOrOddTest(625493,&quot;odd&quot;)" methodname="EvenOrOddTest" classname="Open_Lab_03._04.Tests" runstate="Runnable" seed="1233025439" result="Passed" start-time="2019-10-28 20:08:07Z" end-time="2019-10-28 20:08:07Z" duration="0.000028" asserts="1" />
            <test-case id="1038" name="EvenOrOddTest(660051,&quot;odd&quot;)" fullname="Open_Lab_03._04.Tests.EvenOrOddTest(660051,&quot;odd&quot;)" methodname="EvenOrOddTest" classname="Open_Lab_03._04.Tests" runstate="Runnable" seed="1228106332" result="Passed" start-time="2019-10-28 20:08:07Z" end-time="2019-10-28 20:08:07Z" duration="0.000033" asserts="1" />
            <test-case id="1039" name="EvenOrOddTest(749398,&quot;even&quot;)" fullname="Open_Lab_03._04.Tests.EvenOrOddTest(749398,&quot;even&quot;)" methodname="EvenOrOddTest" classname="Open_Lab_03._04.Tests" runstate="Runnable" seed="757324576" result="Passed" start-time="2019-10-28 20:08:07Z" end-time="2019-10-28 20:08:07Z" duration="0.000025" asserts="1" />
            <test-case id="1040" name="EvenOrOddTest(112790,&quot;even&quot;)" fullname="Open_Lab_03._04.Tests.EvenOrOddTest(112790,&quot;even&quot;)" methodname="EvenOrOddTest" classname="Open_Lab_03._04.Tests" runstate="Runnable" seed="870622877" result="Passed" start-time="2019-10-28 20:08:07Z" end-time="2019-10-28 20:08:07Z" duration="0.000025" asserts="1" />
            <test-case id="1041" name="EvenOrOddTest(854463,&quot;odd&quot;)" fullname="Open_Lab_03._04.Tests.EvenOrOddTest(854463,&quot;odd&quot;)" methodname="EvenOrOddTest" classname="Open_Lab_03._04.Tests" runstate="Runnable" seed="1202696569" result="Passed" start-time="2019-10-28 20:08:07Z" end-time="2019-10-28 20:08:07Z" duration="0.000066" asserts="1" />
            <test-case id="1042" name="EvenOrOddTest(306592,&quot;even&quot;)" fullname="Open_Lab_03._04.Tests.EvenOrOddTest(306592,&quot;even&quot;)" methodname="EvenOrOddTest" classname="Open_Lab_03._04.Tests" runstate="Runnable" seed="225840376" result="Passed" start-time="2019-10-28 20:08:07Z" end-time="2019-10-28 20:08:07Z" duration="0.000029" asserts="1" />
            <test-case id="1043" name="EvenOrOddTest(598503,&quot;odd&quot;)" fullname="Open_Lab_03._04.Tests.EvenOrOddTest(598503,&quot;odd&quot;)" methodname="EvenOrOddTest" classname="Open_Lab_03._04.Tests" runstate="Runnable" seed="1643542636" result="Passed" start-time="2019-10-28 20:08:07Z" end-time="2019-10-28 20:08:07Z" duration="0.000030" asserts="1" />
            <test-case id="1044" name="EvenOrOddTest(908296,&quot;even&quot;)" fullname="Open_Lab_03._04.Tests.EvenOrOddTest(908296,&quot;even&quot;)" methodname="EvenOrOddTest" classname="Open_Lab_03._04.Tests" runstate="Runnable" seed="1216348399" result="Passed" start-time="2019-10-28 20:08:07Z" end-time="2019-10-28 20:08:07Z" duration="0.000025" asserts="1" />
            <test-case id="1045" name="EvenOrOddTest(252472,&quot;even&quot;)" fullname="Open_Lab_03._04.Tests.EvenOrOddTest(252472,&quot;even&quot;)" methodname="EvenOrOddTest" classname="Open_Lab_03._04.Tests" runstate="Runnable" seed="286960277" result="Passed" start-time="2019-10-28 20:08:07Z" end-time="2019-10-28 20:08:07Z" duration="0.000068" asserts="1" />
            <test-case id="1046" name="EvenOrOddTest(32454,&quot;even&quot;)" fullname="Open_Lab_03._04.Tests.EvenOrOddTest(32454,&quot;even&quot;)" methodname="EvenOrOddTest" classname="Open_Lab_03._04.Tests" runstate="Runnable" seed="1519306820" result="Passed" start-time="2019-10-28 20:08:07Z" end-time="2019-10-28 20:08:07Z" duration="0.000052" asserts="1" />
            <test-case id="1047" name="EvenOrOddTest(753907,&quot;odd&quot;)" fullname="Open_Lab_03._04.Tests.EvenOrOddTest(753907,&quot;odd&quot;)" methodname="EvenOrOddTest" classname="Open_Lab_03._04.Tests" runstate="Runnable" seed="1885835818" result="Passed" start-time="2019-10-28 20:08:07Z" end-time="2019-10-28 20:08:07Z" duration="0.000050" asserts="1" />
            <test-case id="1048" name="EvenOrOddTest(113567,&quot;odd&quot;)" fullname="Open_Lab_03._04.Tests.EvenOrOddTest(113567,&quot;odd&quot;)" methodname="EvenOrOddTest" classname="Open_Lab_03._04.Tests" runstate="Runnable" seed="1629352620" result="Passed" start-time="2019-10-28 20:08:07Z" end-time="2019-10-28 20:08:07Z" duration="0.000064" asserts="1" />
            <test-case id="1049" name="EvenOrOddTest(671060,&quot;even&quot;)" fullname="Open_Lab_03._04.Tests.EvenOrOddTest(671060,&quot;even&quot;)" methodname="EvenOrOddTest" classname="Open_Lab_03._04.Tests" runstate="Runnable" seed="63095911" result="Passed" start-time="2019-10-28 20:08:07Z" end-time="2019-10-28 20:08:07Z" duration="0.000028" asserts="1" />
            <test-case id="1050" name="EvenOrOddTest(709898,&quot;even&quot;)" fullname="Open_Lab_03._04.Tests.EvenOrOddTest(709898,&quot;even&quot;)" methodname="EvenOrOddTest" classname="Open_Lab_03._04.Tests" runstate="Runnable" seed="906122269" result="Passed" start-time="2019-10-28 20:08:07Z" end-time="2019-10-28 20:08:07Z" duration="0.000050" asserts="1" />
            <test-case id="1051" name="EvenOrOddTest(685226,&quot;even&quot;)" fullname="Open_Lab_03._04.Tests.EvenOrOddTest(685226,&quot;even&quot;)" methodname="EvenOrOddTest" classname="Open_Lab_03._04.Tests" runstate="Runnable" seed="564252876" result="Passed" start-time="2019-10-28 20:08:07Z" end-time="2019-10-28 20:08:07Z" duration="0.000027" asserts="1" />
            <test-case id="1052" name="EvenOrOddTest(341194,&quot;even&quot;)" fullname="Open_Lab_03._04.Tests.EvenOrOddTest(341194,&quot;even&quot;)" methodname="EvenOrOddTest" classname="Open_Lab_03._04.Tests" runstate="Runnable" seed="149495524" result="Passed" start-time="2019-10-28 20:08:07Z" end-time="2019-10-28 20:08:07Z" duration="0.000027" asserts="1" />
            <test-case id="1053" name="EvenOrOddTest(693883,&quot;odd&quot;)" fullname="Open_Lab_03._04.Tests.EvenOrOddTest(693883,&quot;odd&quot;)" methodname="EvenOrOddTest" classname="Open_Lab_03._04.Tests" runstate="Runnable" seed="880323303" result="Passed" start-time="2019-10-28 20:08:07Z" end-time="2019-10-28 20:08:07Z" duration="0.000029" asserts="1" />
            <test-case id="1054" name="EvenOrOddTest(717706,&quot;even&quot;)" fullname="Open_Lab_03._04.Tests.EvenOrOddTest(717706,&quot;even&quot;)" methodname="EvenOrOddTest" classname="Open_Lab_03._04.Tests" runstate="Runnable" seed="1002349466" result="Passed" start-time="2019-10-28 20:08:07Z" end-time="2019-10-28 20:08:07Z" duration="0.000057" asserts="1" />
            <test-case id="1055" name="EvenOrOddTest(733793,&quot;odd&quot;)" fullname="Open_Lab_03._04.Tests.EvenOrOddTest(733793,&quot;odd&quot;)" methodname="EvenOrOddTest" classname="Open_Lab_03._04.Tests" runstate="Runnable" seed="1180025811" result="Passed" start-time="2019-10-28 20:08:07Z" end-time="2019-10-28 20:08:07Z" duration="0.000034" asserts="1" />
            <test-case id="1056" name="EvenOrOddTest(536840,&quot;even&quot;)" fullname="Open_Lab_03._04.Tests.EvenOrOddTest(536840,&quot;even&quot;)" methodname="EvenOrOddTest" classname="Open_Lab_03._04.Tests" runstate="Runnable" seed="907317086" result="Passed" start-time="2019-10-28 20:08:07Z" end-time="2019-10-28 20:08:07Z" duration="0.000024" asserts="1" />
            <test-case id="1057" name="EvenOrOddTest(653909,&quot;odd&quot;)" fullname="Open_Lab_03._04.Tests.EvenOrOddTest(653909,&quot;odd&quot;)" methodname="EvenOrOddTest" classname="Open_Lab_03._04.Tests" runstate="Runnable" seed="1253775606" result="Passed" start-time="2019-10-28 20:08:07Z" end-time="2019-10-28 20:08:07Z" duration="0.000030" asserts="1" />
            <test-case id="1058" name="EvenOrOddTest(443236,&quot;even&quot;)" fullname="Open_Lab_03._04.Tests.EvenOrOddTest(443236,&quot;even&quot;)" methodname="EvenOrOddTest" classname="Open_Lab_03._04.Tests" runstate="Runnable" seed="335438004" result="Passed" start-time="2019-10-28 20:08:07Z" end-time="2019-10-28 20:08:07Z" duration="0.000028" asserts="1" />
            <test-case id="1059" name="EvenOrOddTest(510547,&quot;odd&quot;)" fullname="Open_Lab_03._04.Tests.EvenOrOddTest(510547,&quot;odd&quot;)" methodname="EvenOrOddTest" classname="Open_Lab_03._04.Tests" runstate="Runnable" seed="1598222734" result="Passed" start-time="2019-10-28 20:08:07Z" end-time="2019-10-28 20:08:07Z" duration="0.000052" asserts="1" />
            <test-case id="1060" name="EvenOrOddTest(982995,&quot;odd&quot;)" fullname="Open_Lab_03._04.Tests.EvenOrOddTest(982995,&quot;odd&quot;)" methodname="EvenOrOddTest" classname="Open_Lab_03._04.Tests" runstate="Runnable" seed="727464012" result="Passed" start-time="2019-10-28 20:08:07Z" end-time="2019-10-28 20:08:07Z" duration="0.000033" asserts="1" />
            <test-case id="1061" name="EvenOrOddTest(18388,&quot;even&quot;)" fullname="Open_Lab_03._04.Tests.EvenOrOddTest(18388,&quot;even&quot;)" methodname="EvenOrOddTest" classname="Open_Lab_03._04.Tests" runstate="Runnable" seed="1668880780" result="Passed" start-time="2019-10-28 20:08:07Z" end-time="2019-10-28 20:08:07Z" duration="0.000025" asserts="1" />
            <test-case id="1062" name="EvenOrOddTest(866729,&quot;odd&quot;)" fullname="Open_Lab_03._04.Tests.EvenOrOddTest(866729,&quot;odd&quot;)" methodname="EvenOrOddTest" classname="Open_Lab_03._04.Tests" runstate="Runnable" seed="1688263100" result="Passed" start-time="2019-10-28 20:08:07Z" end-time="2019-10-28 20:08:07Z" duration="0.000029" asserts="1" />
            <test-case id="1063" name="EvenOrOddTest(141080,&quot;even&quot;)" fullname="Open_Lab_03._04.Tests.EvenOrOddTest(141080,&quot;even&quot;)" methodname="EvenOrOddTest" classname="Open_Lab_03._04.Tests" runstate="Runnable" seed="1474393785" result="Passed" start-time="2019-10-28 20:08:07Z" end-time="2019-10-28 20:08:07Z" duration="0.000024" asserts="1" />
            <test-case id="1064" name="EvenOrOddTest(545197,&quot;odd&quot;)" fullname="Open_Lab_03._04.Tests.EvenOrOddTest(545197,&quot;odd&quot;)" methodname="EvenOrOddTest" classname="Open_Lab_03._04.Tests" runstate="Runnable" seed="73314083" result="Passed" start-time="2019-10-28 20:08:07Z" end-time="2019-10-28 20:08:07Z" duration="0.000045" asserts="1" />
            <test-case id="1065" name="EvenOrOddTest(802189,&quot;odd&quot;)" fullname="Open_Lab_03._04.Tests.EvenOrOddTest(802189,&quot;odd&quot;)" methodname="EvenOrOddTest" classname="Open_Lab_03._04.Tests" runstate="Runnable" seed="213396554" result="Passed" start-time="2019-10-28 20:08:07Z" end-time="2019-10-28 20:08:07Z" duration="0.000053" asserts="1" />
            <test-case id="1066" name="EvenOrOddTest(417918,&quot;even&quot;)" fullname="Open_Lab_03._04.Tests.EvenOrOddTest(417918,&quot;even&quot;)" methodname="EvenOrOddTest" classname="Open_Lab_03._04.Tests" runstate="Runnable" seed="881766020" result="Passed" start-time="2019-10-28 20:08:07Z" end-time="2019-10-28 20:08:07Z" duration="0.000028" asserts="1" />
            <test-case id="1067" name="EvenOrOddTest(589001,&quot;odd&quot;)" fullname="Open_Lab_03._04.Tests.EvenOrOddTest(589001,&quot;odd&quot;)" methodname="EvenOrOddTest" classname="Open_Lab_03._04.Tests" runstate="Runnable" seed="2103009113" result="Passed" start-time="2019-10-28 20:08:07Z" end-time="2019-10-28 20:08:07Z" duration="0.000030" asserts="1" />
            <test-case id="1068" name="EvenOrOddTest(482959,&quot;odd&quot;)" fullname="Open_Lab_03._04.Tests.EvenOrOddTest(482959,&quot;odd&quot;)" methodname="EvenOrOddTest" classname="Open_Lab_03._04.Tests" runstate="Runnable" seed="870667839" result="Passed" start-time="2019-10-28 20:08:07Z" end-time="2019-10-28 20:08:07Z" duration="0.000024" asserts="1" />
            <test-case id="1069" name="EvenOrOddTest(706835,&quot;odd&quot;)" fullname="Open_Lab_03._04.Tests.EvenOrOddTest(706835,&quot;odd&quot;)" methodname="EvenOrOddTest" classname="Open_Lab_03._04.Tests" runstate="Runnable" seed="231642679" result="Passed" start-time="2019-10-28 20:08:07Z" end-time="2019-10-28 20:08:07Z" duration="0.000029" asserts="1" />
            <test-case id="1070" name="EvenOrOddTest(303571,&quot;odd&quot;)" fullname="Open_Lab_03._04.Tests.EvenOrOddTest(303571,&quot;odd&quot;)" methodname="EvenOrOddTest" classname="Open_Lab_03._04.Tests" runstate="Runnable" seed="1378723655" result="Passed" start-time="2019-10-28 20:08:07Z" end-time="2019-10-28 20:08:07Z" duration="0.000028" asserts="1" />
            <test-case id="1071" name="EvenOrOddTest(5541,&quot;odd&quot;)" fullname="Open_Lab_03._04.Tests.EvenOrOddTest(5541,&quot;odd&quot;)" methodname="EvenOrOddTest" classname="Open_Lab_03._04.Tests" runstate="Runnable" seed="502924627" result="Passed" start-time="2019-10-28 20:08:07Z" end-time="2019-10-28 20:08:07Z" duration="0.000025" asserts="1" />
            <test-case id="1072" name="EvenOrOddTest(423755,&quot;odd&quot;)" fullname="Open_Lab_03._04.Tests.EvenOrOddTest(423755,&quot;odd&quot;)" methodname="EvenOrOddTest" classname="Open_Lab_03._04.Tests" runstate="Runnable" seed="1376745383" result="Passed" start-time="2019-10-28 20:08:07Z" end-time="2019-10-28 20:08:07Z" duration="0.000028" asserts="1" />
            <test-case id="1073" name="EvenOrOddTest(651141,&quot;odd&quot;)" fullname="Open_Lab_03._04.Tests.EvenOrOddTest(651141,&quot;odd&quot;)" methodname="EvenOrOddTest" classname="Open_Lab_03._04.Tests" runstate="Runnable" seed="521666633" result="Passed" start-time="2019-10-28 20:08:07Z" end-time="2019-10-28 20:08:07Z" duration="0.000024" asserts="1" />
            <test-case id="1074" name="EvenOrOddTest(597616,&quot;even&quot;)" fullname="Open_Lab_03._04.Tests.EvenOrOddTest(597616,&quot;even&quot;)" methodname="EvenOrOddTest" classname="Open_Lab_03._04.Tests" runstate="Runnable" seed="9606137" result="Passed" start-time="2019-10-28 20:08:07Z" end-time="2019-10-28 20:08:07Z" duration="0.000029" asserts="1" />
            <test-case id="1075" name="EvenOrOddTest(277829,&quot;odd&quot;)" fullname="Open_Lab_03._04.Tests.EvenOrOddTest(277829,&quot;odd&quot;)" methodname="EvenOrOddTest" classname="Open_Lab_03._04.Tests" runstate="Runnable" seed="680401305" result="Passed" start-time="2019-10-28 20:08:07Z" end-time="2019-10-28 20:08:07Z" duration="0.000024" asserts="1" />
            <test-case id="1076" name="EvenOrOddTest(388466,&quot;even&quot;)" fullname="Open_Lab_03._04.Tests.EvenOrOddTest(388466,&quot;even&quot;)" methodname="EvenOrOddTest" classname="Open_Lab_03._04.Tests" runstate="Runnable" seed="1101581186" result="Passed" start-time="2019-10-28 20:08:07Z" end-time="2019-10-28 20:08:07Z" duration="0.000025" asserts="1" />
            <test-case id="1077" name="EvenOrOddTest(155274,&quot;even&quot;)" fullname="Open_Lab_03._04.Tests.EvenOrOddTest(155274,&quot;even&quot;)" methodname="EvenOrOddTest" classname="Open_Lab_03._04.Tests" runstate="Runnable" seed="2091851535" result="Passed" start-time="2019-10-28 20:08:07Z" end-time="2019-10-28 20:08:07Z" duration="0.000028" asserts="1" />
            <test-case id="1078" name="EvenOrOddTest(651485,&quot;odd&quot;)" fullname="Open_Lab_03._04.Tests.EvenOrOddTest(651485,&quot;odd&quot;)" methodname="EvenOrOddTest" classname="Open_Lab_03._04.Tests" runstate="Runnable" seed="931116574" result="Passed" start-time="2019-10-28 20:08:07Z" end-time="2019-10-28 20:08:07Z" duration="0.000058" asserts="1" />
            <test-case id="1079" name="EvenOrOddTest(220210,&quot;even&quot;)" fullname="Open_Lab_03._04.Tests.EvenOrOddTest(220210,&quot;even&quot;)" methodname="EvenOrOddTest" classname="Open_Lab_03._04.Tests" runstate="Runnable" seed="214202739" result="Passed" start-time="2019-10-28 20:08:07Z" end-time="2019-10-28 20:08:07Z" duration="0.000037" asserts="1" />
            <test-case id="1080" name="EvenOrOddTest(809547,&quot;odd&quot;)" fullname="Open_Lab_03._04.Tests.EvenOrOddTest(809547,&quot;odd&quot;)" methodname="EvenOrOddTest" classname="Open_Lab_03._04.Tests" runstate="Runnable" seed="1025794084" result="Passed" start-time="2019-10-28 20:08:07Z" end-time="2019-10-28 20:08:07Z" duration="0.000025" asserts="1" />
            <test-case id="1081" name="EvenOrOddTest(286809,&quot;odd&quot;)" fullname="Open_Lab_03._04.Tests.EvenOrOddTest(286809,&quot;odd&quot;)" methodname="EvenOrOddTest" classname="Open_Lab_03._04.Tests" runstate="Runnable" seed="830428397" result="Passed" start-time="2019-10-28 20:08:07Z" end-time="2019-10-28 20:08:07Z" duration="0.000030" asserts="1" />
            <test-case id="1082" name="EvenOrOddTest(582707,&quot;odd&quot;)" fullname="Open_Lab_03._04.Tests.EvenOrOddTest(582707,&quot;odd&quot;)" methodname="EvenOrOddTest" classname="Open_Lab_03._04.Tests" runstate="Runnable" seed="397024735" result="Passed" start-time="2019-10-28 20:08:07Z" end-time="2019-10-28 20:08:07Z" duration="0.000029" asserts="1" />
            <test-case id="1083" name="EvenOrOddTest(455897,&quot;odd&quot;)" fullname="Open_Lab_03._04.Tests.EvenOrOddTest(455897,&quot;odd&quot;)" methodname="EvenOrOddTest" classname="Open_Lab_03._04.Tests" runstate="Runnable" seed="1964308080" result="Passed" start-time="2019-10-28 20:08:07Z" end-time="2019-10-28 20:08:07Z" duration="0.000052" asserts="1" />
            <test-case id="1084" name="EvenOrOddTest(160305,&quot;odd&quot;)" fullname="Open_Lab_03._04.Tests.EvenOrOddTest(160305,&quot;odd&quot;)" methodname="EvenOrOddTest" classname="Open_Lab_03._04.Tests" runstate="Runnable" seed="484537012" result="Passed" start-time="2019-10-28 20:08:07Z" end-time="2019-10-28 20:08:07Z" duration="0.000033" asserts="1" />
            <test-case id="1085" name="EvenOrOddTest(158129,&quot;odd&quot;)" fullname="Open_Lab_03._04.Tests.EvenOrOddTest(158129,&quot;odd&quot;)" methodname="EvenOrOddTest" classname="Open_Lab_03._04.Tests" runstate="Runnable" seed="1718338073" result="Passed" start-time="2019-10-28 20:08:07Z" end-time="2019-10-28 20:08:07Z" duration="0.000025" asserts="1" />
            <test-case id="1086" name="EvenOrOddTest(274833,&quot;odd&quot;)" fullname="Open_Lab_03._04.Tests.EvenOrOddTest(274833,&quot;odd&quot;)" methodname="EvenOrOddTest" classname="Open_Lab_03._04.Tests" runstate="Runnable" seed="242738377" result="Passed" start-time="2019-10-28 20:08:07Z" end-time="2019-10-28 20:08:07Z" duration="0.000055" asserts="1" />
            <test-case id="1087" name="EvenOrOddTest(356627,&quot;odd&quot;)" fullname="Open_Lab_03._04.Tests.EvenOrOddTest(356627,&quot;odd&quot;)" methodname="EvenOrOddTest" classname="Open_Lab_03._04.Tests" runstate="Runnable" seed="1958489225" result="Passed" start-time="2019-10-28 20:08:07Z" end-time="2019-10-28 20:08:07Z" duration="0.000027" asserts="1" />
            <test-case id="1088" name="EvenOrOddTest(83520,&quot;even&quot;)" fullname="Open_Lab_03._04.Tests.EvenOrOddTest(83520,&quot;even&quot;)" methodname="EvenOrOddTest" classname="Open_Lab_03._04.Tests" runstate="Runnable" seed="159640957" result="Passed" start-time="2019-10-28 20:08:07Z" end-time="2019-10-28 20:08:07Z" duration="0.000040" asserts="1" />
            <test-case id="1089" name="EvenOrOddTest(174209,&quot;odd&quot;)" fullname="Open_Lab_03._04.Tests.EvenOrOddTest(174209,&quot;odd&quot;)" methodname="EvenOrOddTest" classname="Open_Lab_03._04.Tests" runstate="Runnable" seed="1491651045" result="Passed" start-time="2019-10-28 20:08:07Z" end-time="2019-10-28 20:08:07Z" duration="0.000029" asserts="1" />
            <test-case id="1090" name="EvenOrOddTest(589016,&quot;even&quot;)" fullname="Open_Lab_03._04.Tests.EvenOrOddTest(589016,&quot;even&quot;)" methodname="EvenOrOddTest" classname="Open_Lab_03._04.Tests" runstate="Runnable" seed="653482115" result="Passed" start-time="2019-10-28 20:08:07Z" end-time="2019-10-28 20:08:07Z" duration="0.000050" asserts="1" />
            <test-case id="1091" name="EvenOrOddTest(372977,&quot;odd&quot;)" fullname="Open_Lab_03._04.Tests.EvenOrOddTest(372977,&quot;odd&quot;)" methodname="EvenOrOddTest" classname="Open_Lab_03._04.Tests" runstate="Runnable" seed="791483584" result="Passed" start-time="2019-10-28 20:08:07Z" end-time="2019-10-28 20:08:07Z" duration="0.000058" asserts="1" />
            <test-case id="1092" name="EvenOrOddTest(182256,&quot;even&quot;)" fullname="Open_Lab_03._04.Tests.EvenOrOddTest(182256,&quot;even&quot;)" methodname="EvenOrOddTest" classname="Open_Lab_03._04.Tests" runstate="Runnable" seed="897587435" result="Passed" start-time="2019-10-28 20:08:07Z" end-time="2019-10-28 20:08:07Z" duration="0.000028" asserts="1" />
            <test-case id="1093" name="EvenOrOddTest(149503,&quot;odd&quot;)" fullname="Open_Lab_03._04.Tests.EvenOrOddTest(149503,&quot;odd&quot;)" methodname="EvenOrOddTest" classname="Open_Lab_03._04.Tests" runstate="Runnable" seed="1777367245" result="Passed" start-time="2019-10-28 20:08:07Z" end-time="2019-10-28 20:08:07Z" duration="0.000034" asserts="1" />
            <test-case id="1094" name="EvenOrOddTest(766403,&quot;odd&quot;)" fullname="Open_Lab_03._04.Tests.EvenOrOddTest(766403,&quot;odd&quot;)" methodname="EvenOrOddTest" classname="Open_Lab_03._04.Tests" runstate="Runnable" seed="29860564" result="Passed" start-time="2019-10-28 20:08:07Z" end-time="2019-10-28 20:08:07Z" duration="0.000029" asserts="1" />
            <test-case id="1095" name="EvenOrOddTest(94402,&quot;even&quot;)" fullname="Open_Lab_03._04.Tests.EvenOrOddTest(94402,&quot;even&quot;)" methodname="EvenOrOddTest" classname="Open_Lab_03._04.Tests" runstate="Runnable" seed="1349225744" result="Passed" start-time="2019-10-28 20:08:07Z" end-time="2019-10-28 20:08:07Z" duration="0.000025" asserts="1" />
            <test-case id="1096" name="EvenOrOddTest(987734,&quot;even&quot;)" fullname="Open_Lab_03._04.Tests.EvenOrOddTest(987734,&quot;even&quot;)" methodname="EvenOrOddTest" classname="Open_Lab_03._04.Tests" runstate="Runnable" seed="1661917116" result="Passed" start-time="2019-10-28 20:08:07Z" end-time="2019-10-28 20:08:07Z" duration="0.000029" asserts="1" />
            <test-case id="1097" name="EvenOrOddTest(165511,&quot;odd&quot;)" fullname="Open_Lab_03._04.Tests.EvenOrOddTest(165511,&quot;odd&quot;)" methodname="EvenOrOddTest" classname="Open_Lab_03._04.Tests" runstate="Runnable" seed="898930238" result="Passed" start-time="2019-10-28 20:08:07Z" end-time="2019-10-28 20:08:07Z" duration="0.000024" asserts="1" />
            <test-case id="1098" name="EvenOrOddTest(53305,&quot;odd&quot;)" fullname="Open_Lab_03._04.Tests.EvenOrOddTest(53305,&quot;odd&quot;)" methodname="EvenOrOddTest" classname="Open_Lab_03._04.Tests" runstate="Runnable" seed="1570228553" result="Passed" start-time="2019-10-28 20:08:07Z" end-time="2019-10-28 20:08:07Z" duration="0.000027" asserts="1" />
            <test-case id="1099" name="EvenOrOddTest(106107,&quot;odd&quot;)" fullname="Open_Lab_03._04.Tests.EvenOrOddTest(106107,&quot;odd&quot;)" methodname="EvenOrOddTest" classname="Open_Lab_03._04.Tests" runstate="Runnable" seed="1002951845" result="Passed" start-time="2019-10-28 20:08:07Z" end-time="2019-10-28 20:08:07Z" duration="0.000031" asserts="1" />
            <test-case id="1100" name="EvenOrOddTest(834554,&quot;even&quot;)" fullname="Open_Lab_03._04.Tests.EvenOrOddTest(834554,&quot;even&quot;)" methodname="EvenOrOddTest" classname="Open_Lab_03._04.Tests" runstate="Runnable" seed="1552677904" result="Passed" start-time="2019-10-28 20:08:07Z" end-time="2019-10-28 20:08:07Z" duration="0.000054" asserts="1" />
          </test-suite>
        </test-suite>
      </test-suite>
    </test-suite>
  </test-suite>
</test-run>